TpTrace Verbose: 0 : 14656, 1, 2023/10/14, 20:48:13.819, 2798134041126, vstest.console.dll, Version: 17.4.0-release-20221019-01 Current process architecture: X64
TpTrace Verbose: 0 : 14656, 1, 2023/10/14, 20:48:13.821, 2798134059853, vstest.console.dll, Runtime location: C:\Program Files\dotnet\shared\Microsoft.NETCore.App\7.0.2
TpTrace Verbose: 0 : 14656, 1, 2023/10/14, 20:48:13.824, 2798134092114, vstest.console.dll, ArtifactProcessingPostProcessModeProcessorExecutor.Initialize: ArtifactProcessingMode.Collect
TpTrace Verbose: 0 : 14656, 1, 2023/10/14, 20:48:13.824, 2798134093862, vstest.console.dll, TestSessionCorrelationIdProcessorModeProcessorExecutor.Initialize: TestSessionCorrelationId '20500_971a76fb-61f1-4cc9-9859-3a3195188b26'
TpTrace Information: 0 : 14656, 1, 2023/10/14, 20:48:13.834, 2798134190896, vstest.console.dll, FilePatternParser: The given file C:\Users\anandhu.girish\source\repos\SplitTheBill.Test\bin\Debug\net6.0\fine-code-coverage\build-output\SplitTheBill.Test.dll is a full path.
TpTrace Verbose: 0 : 14656, 1, 2023/10/14, 20:48:13.839, 2798134239468, vstest.console.dll, TestPluginCache.DiscoverTestExtensions: finding test extensions in assemblies ends with: RuntimeProvider.dll TPluginInfo: Microsoft.VisualStudio.TestPlatform.Common.ExtensionFramework.Utilities.TestRuntimePluginInformation TExtension: Microsoft.VisualStudio.TestPlatform.ObjectModel.Host.ITestRuntimeProvider
TpTrace Verbose: 0 : 14656, 1, 2023/10/14, 20:48:13.839, 2798134241237, vstest.console.dll, TestPluginCache.GetExtensionPaths: Filtered extension paths: 
TpTrace Verbose: 0 : 14656, 1, 2023/10/14, 20:48:13.839, 2798134241725, vstest.console.dll, TestPluginCache.GetExtensionPaths: Added default extension paths: C:\Program Files\dotnet\sdk\7.0.102\Extensions\Microsoft.Diagnostics.NETCore.Client.dll
C:\Program Files\dotnet\sdk\7.0.102\Extensions\Microsoft.TestPlatform.Extensions.BlameDataCollector.dll
C:\Program Files\dotnet\sdk\7.0.102\Extensions\Microsoft.TestPlatform.Extensions.EventLogCollector.dll
C:\Program Files\dotnet\sdk\7.0.102\Extensions\Microsoft.TestPlatform.TestHostRuntimeProvider.dll
C:\Program Files\dotnet\sdk\7.0.102\Extensions\Microsoft.VisualStudio.TestPlatform.Extensions.Html.TestLogger.dll
C:\Program Files\dotnet\sdk\7.0.102\Extensions\Microsoft.VisualStudio.TestPlatform.Extensions.Trx.TestLogger.dll
TpTrace Verbose: 0 : 14656, 1, 2023/10/14, 20:48:13.839, 2798134241947, vstest.console.dll, TestPluginCache.GetExtensionPaths: Added unfilterableExtensionPaths: 
TpTrace Information: 0 : 14656, 1, 2023/10/14, 20:48:13.840, 2798134246713, vstest.console.dll, AssemblyResolver.ctor: Creating AssemblyResolver with searchDirectories C:\Program Files\dotnet\sdk\7.0.102\Extensions,C:\Program Files\dotnet\sdk\7.0.102
TpTrace Verbose: 0 : 14656, 1, 2023/10/14, 20:48:13.841, 2798134258232, vstest.console.dll, TestPluginCache.DiscoverTestExtensions: Discovering the extensions using extension path.
TpTrace Verbose: 0 : 14656, 1, 2023/10/14, 20:48:13.841, 2798134259573, vstest.console.dll, TestPluginCache.GetExtensionPaths: Filtered extension paths: 
TpTrace Verbose: 0 : 14656, 1, 2023/10/14, 20:48:13.841, 2798134259817, vstest.console.dll, TestPluginCache.GetExtensionPaths: Added default extension paths: C:\Program Files\dotnet\sdk\7.0.102\Extensions\Microsoft.Diagnostics.NETCore.Client.dll
C:\Program Files\dotnet\sdk\7.0.102\Extensions\Microsoft.TestPlatform.Extensions.BlameDataCollector.dll
C:\Program Files\dotnet\sdk\7.0.102\Extensions\Microsoft.TestPlatform.Extensions.EventLogCollector.dll
C:\Program Files\dotnet\sdk\7.0.102\Extensions\Microsoft.TestPlatform.TestHostRuntimeProvider.dll
C:\Program Files\dotnet\sdk\7.0.102\Extensions\Microsoft.VisualStudio.TestPlatform.Extensions.Html.TestLogger.dll
C:\Program Files\dotnet\sdk\7.0.102\Extensions\Microsoft.VisualStudio.TestPlatform.Extensions.Trx.TestLogger.dll
TpTrace Verbose: 0 : 14656, 1, 2023/10/14, 20:48:13.841, 2798134260047, vstest.console.dll, TestPluginCache.GetExtensionPaths: Added unfilterableExtensionPaths: 
TpTrace Verbose: 0 : 14656, 1, 2023/10/14, 20:48:13.841, 2798134260824, vstest.console.dll, TestPluginCache.DiscoverTestExtensions: Discovering the extensions using allExtensionPaths: C:\Program Files\dotnet\sdk\7.0.102\Extensions\Microsoft.Diagnostics.NETCore.Client.dll
C:\Program Files\dotnet\sdk\7.0.102\Extensions\Microsoft.TestPlatform.Extensions.BlameDataCollector.dll
C:\Program Files\dotnet\sdk\7.0.102\Extensions\Microsoft.TestPlatform.Extensions.EventLogCollector.dll
C:\Program Files\dotnet\sdk\7.0.102\Extensions\Microsoft.TestPlatform.TestHostRuntimeProvider.dll
C:\Program Files\dotnet\sdk\7.0.102\Extensions\Microsoft.VisualStudio.TestPlatform.Extensions.Html.TestLogger.dll
C:\Program Files\dotnet\sdk\7.0.102\Extensions\Microsoft.VisualStudio.TestPlatform.Extensions.Trx.TestLogger.dll
TpTrace Information: 0 : 14656, 1, 2023/10/14, 20:48:13.841, 2798134262365, vstest.console.dll, AssemblyResolver.AddSearchDirectories: Adding more searchDirectories C:\Program Files\dotnet\sdk\7.0.102\Extensions,C:\Program Files\dotnet\sdk\7.0.102
TpTrace Information: 0 : 14656, 1, 2023/10/14, 20:48:13.841, 2798134262778, vstest.console.dll, AssemblyResolver.AddSearchDirectories: Adding more searchDirectories C:\Program Files\dotnet\sdk\7.0.102\Extensions,C:\Program Files\dotnet\sdk\7.0.102
TpTrace Information: 0 : 14656, 1, 2023/10/14, 20:48:13.841, 2798134263004, vstest.console.dll, AssemblyResolver.AddSearchDirectories: Adding more searchDirectories C:\Program Files\dotnet\sdk\7.0.102\Extensions,C:\Program Files\dotnet\sdk\7.0.102
TpTrace Information: 0 : 14656, 1, 2023/10/14, 20:48:13.841, 2798134263169, vstest.console.dll, AssemblyResolver.AddSearchDirectories: Adding more searchDirectories C:\Program Files\dotnet\sdk\7.0.102\Extensions,C:\Program Files\dotnet\sdk\7.0.102
TpTrace Information: 0 : 14656, 1, 2023/10/14, 20:48:13.841, 2798134263333, vstest.console.dll, AssemblyResolver.AddSearchDirectories: Adding more searchDirectories C:\Program Files\dotnet\sdk\7.0.102\Extensions,C:\Program Files\dotnet\sdk\7.0.102
TpTrace Information: 0 : 14656, 1, 2023/10/14, 20:48:13.841, 2798134263489, vstest.console.dll, AssemblyResolver.AddSearchDirectories: Adding more searchDirectories C:\Program Files\dotnet\sdk\7.0.102\Extensions,C:\Program Files\dotnet\sdk\7.0.102
TpTrace Information: 0 : 14656, 1, 2023/10/14, 20:48:13.842, 2798134266824, vstest.console.dll, AssemblyResolver.OnResolve: Microsoft.Diagnostics.NETCore.Client: Resolving assembly.
TpTrace Information: 0 : 14656, 1, 2023/10/14, 20:48:13.842, 2798134267313, vstest.console.dll, AssemblyResolver.OnResolve: Microsoft.Diagnostics.NETCore.Client: Searching in: 'C:\Program Files\dotnet\sdk\7.0.102\Extensions'.
TpTrace Information: 0 : 14656, 1, 2023/10/14, 20:48:13.850, 2798134354101, vstest.console.dll, AssemblyResolver.OnResolve: Microsoft.Diagnostics.NETCore.Client: Loading assembly 'C:\Program Files\dotnet\sdk\7.0.102\Extensions\Microsoft.Diagnostics.NETCore.Client.dll'.
TpTrace Information: 0 : 14656, 1, 2023/10/14, 20:48:13.851, 2798134362795, vstest.console.dll, AssemblyResolver.OnResolve: Resolved assembly: Microsoft.Diagnostics.NETCore.Client, from path: C:\Program Files\dotnet\sdk\7.0.102\Extensions\Microsoft.Diagnostics.NETCore.Client.dll
TpTrace Verbose: 0 : 14656, 1, 2023/10/14, 20:48:13.852, 2798134372584, vstest.console.dll, MetadataReaderExtensionsHelper: Discovering extensions inside assembly 'Microsoft.Diagnostics.NETCore.Client, Version=0.2.6.42401, Culture=neutral, PublicKeyToken=31bf3856ad364e35' file path 'C:\Program Files\dotnet\sdk\7.0.102\Extensions\Microsoft.Diagnostics.NETCore.Client.dll'
TpTrace Information: 0 : 14656, 1, 2023/10/14, 20:48:13.856, 2798134410541, vstest.console.dll, AssemblyResolver.OnResolve: Microsoft.Bcl.AsyncInterfaces: Resolving assembly.
TpTrace Information: 0 : 14656, 1, 2023/10/14, 20:48:13.856, 2798134411327, vstest.console.dll, AssemblyResolver.OnResolve: Microsoft.Bcl.AsyncInterfaces: Searching in: 'C:\Program Files\dotnet\sdk\7.0.102\Extensions'.
TpTrace Information: 0 : 14656, 1, 2023/10/14, 20:48:13.856, 2798134411847, vstest.console.dll, AssemblyResolver.OnResolve: Microsoft.Bcl.AsyncInterfaces: Assembly path does not exist: 'C:\Program Files\dotnet\sdk\7.0.102\Extensions\Microsoft.Bcl.AsyncInterfaces.dll', returning.
TpTrace Information: 0 : 14656, 1, 2023/10/14, 20:48:13.856, 2798134412582, vstest.console.dll, AssemblyResolver.OnResolve: Microsoft.Bcl.AsyncInterfaces: Assembly path does not exist: 'C:\Program Files\dotnet\sdk\7.0.102\Extensions\Microsoft.Bcl.AsyncInterfaces.exe', returning.
TpTrace Information: 0 : 14656, 1, 2023/10/14, 20:48:13.856, 2798134412815, vstest.console.dll, AssemblyResolver.OnResolve: Microsoft.Bcl.AsyncInterfaces: Searching in: 'C:\Program Files\dotnet\sdk\7.0.102'.
TpTrace Information: 0 : 14656, 1, 2023/10/14, 20:48:13.856, 2798134413156, vstest.console.dll, AssemblyResolver.OnResolve: Microsoft.Bcl.AsyncInterfaces: Assembly path does not exist: 'C:\Program Files\dotnet\sdk\7.0.102\Microsoft.Bcl.AsyncInterfaces.dll', returning.
TpTrace Information: 0 : 14656, 1, 2023/10/14, 20:48:13.856, 2798134413432, vstest.console.dll, AssemblyResolver.OnResolve: Microsoft.Bcl.AsyncInterfaces: Assembly path does not exist: 'C:\Program Files\dotnet\sdk\7.0.102\Microsoft.Bcl.AsyncInterfaces.exe', returning.
TpTrace Information: 0 : 14656, 1, 2023/10/14, 20:48:13.856, 2798134413590, vstest.console.dll, AssemblyResolver.OnResolve: Microsoft.Bcl.AsyncInterfaces: Failed to load assembly.
TpTrace Verbose: 0 : 14656, 1, 2023/10/14, 20:48:13.856, 2798134413843, vstest.console.dll, CurrentDomainAssemblyResolve: Resolving assembly 'Microsoft.Bcl.AsyncInterfaces'.
TpTrace Information: 0 : 14656, 1, 2023/10/14, 20:48:13.856, 2798134414249, vstest.console.dll, AssemblyResolver.OnResolve: Microsoft.Bcl.AsyncInterfaces: Resolving assembly.
TpTrace Information: 0 : 14656, 1, 2023/10/14, 20:48:13.857, 2798134414476, vstest.console.dll, AssemblyResolver.OnResolve: Microsoft.Bcl.AsyncInterfaces: Resolved from cache.
TpTrace Verbose: 0 : 14656, 1, 2023/10/14, 20:48:13.857, 2798134414624, vstest.console.dll, CurrentDomainAssemblyResolve: Resolving assembly 'Microsoft.Bcl.AsyncInterfaces'.
TpTrace Verbose: 0 : 14656, 1, 2023/10/14, 20:48:13.857, 2798134414817, vstest.console.dll, CurrentDomainAssemblyResolve: Failed to resolve assembly 'Microsoft.Bcl.AsyncInterfaces'.
TpTrace Verbose: 0 : 14656, 1, 2023/10/14, 20:48:13.858, 2798134424860, vstest.console.dll, CurrentDomainAssemblyResolve: Failed to resolve assembly 'Microsoft.Bcl.AsyncInterfaces'.
TpTrace Warning: 0 : 14656, 1, 2023/10/14, 20:48:13.865, 2798134495281, vstest.console.dll, TestPluginDiscoverer: Failed to get types from assembly 'Microsoft.Diagnostics.NETCore.Client, Version=0.2.6.42401, Culture=neutral, PublicKeyToken=31bf3856ad364e35'. Error: System.Reflection.ReflectionTypeLoadException: Unable to load one or more of the requested types.
Could not load file or assembly 'Microsoft.Bcl.AsyncInterfaces, Version=1.0.0.0, Culture=neutral, PublicKeyToken=cc7b13ffcd2ddd51'. The system cannot find the file specified.
   at System.Reflection.RuntimeModule.GetTypes(RuntimeModule module)
   at System.Reflection.Assembly.GetTypes()
   at Microsoft.VisualStudio.TestPlatform.Common.ExtensionFramework.TestPluginDiscoverer.GetTestExtensionsFromAssembly[TPluginInfo,TExtension](Assembly assembly, Dictionary`2 pluginInfos, String filePath)
System.IO.FileNotFoundException: Could not load file or assembly 'Microsoft.Bcl.AsyncInterfaces, Version=1.0.0.0, Culture=neutral, PublicKeyToken=cc7b13ffcd2ddd51'. The system cannot find the file specified.
File name: 'Microsoft.Bcl.AsyncInterfaces, Version=1.0.0.0, Culture=neutral, PublicKeyToken=cc7b13ffcd2ddd51'
 ---> System.IO.FileNotFoundException: Could not load file or assembly 'Microsoft.Bcl.AsyncInterfaces, Culture=neutral, PublicKeyToken=null'. The system cannot find the file specified.
File name: 'Microsoft.Bcl.AsyncInterfaces, Culture=neutral, PublicKeyToken=null'
   at System.Reflection.RuntimeAssembly.InternalLoad(AssemblyName assemblyName, StackCrawlMark& stackMark, AssemblyLoadContext assemblyLoadContext, RuntimeAssembly requestingAssembly, Boolean throwOnFileNotFound)
   at System.Reflection.Assembly.Load(AssemblyName assemblyRef)
   at Microsoft.VisualStudio.TestPlatform.Common.ExtensionFramework.TestPluginCache.CurrentDomainAssemblyResolve(Object sender, AssemblyResolveEventArgs args)
   at System.Runtime.Loader.AssemblyLoadContext.GetFirstResolvedAssemblyFromResolvingEvent(AssemblyName assemblyName)
   at System.Runtime.Loader.AssemblyLoadContext.ResolveUsingEvent(AssemblyName assemblyName)
   at System.Runtime.Loader.AssemblyLoadContext.ResolveUsingResolvingEvent(IntPtr gchManagedAssemblyLoadContext, AssemblyName assemblyName)
TpTrace Warning: 0 : 14656, 1, 2023/10/14, 20:48:13.865, 2798134498844, vstest.console.dll, LoaderExceptions: System.IO.FileNotFoundException: Could not load file or assembly 'Microsoft.Bcl.AsyncInterfaces, Version=1.0.0.0, Culture=neutral, PublicKeyToken=cc7b13ffcd2ddd51'. The system cannot find the file specified.
File name: 'Microsoft.Bcl.AsyncInterfaces, Version=1.0.0.0, Culture=neutral, PublicKeyToken=cc7b13ffcd2ddd51'
 ---> System.IO.FileNotFoundException: Could not load file or assembly 'Microsoft.Bcl.AsyncInterfaces, Culture=neutral, PublicKeyToken=null'. The system cannot find the file specified.
File name: 'Microsoft.Bcl.AsyncInterfaces, Culture=neutral, PublicKeyToken=null'
   at System.Reflection.RuntimeAssembly.InternalLoad(AssemblyName assemblyName, StackCrawlMark& stackMark, AssemblyLoadContext assemblyLoadContext, RuntimeAssembly requestingAssembly, Boolean throwOnFileNotFound)
   at System.Reflection.Assembly.Load(AssemblyName assemblyRef)
   at Microsoft.VisualStudio.TestPlatform.Common.ExtensionFramework.TestPluginCache.CurrentDomainAssemblyResolve(Object sender, AssemblyResolveEventArgs args)
   at System.Runtime.Loader.AssemblyLoadContext.GetFirstResolvedAssemblyFromResolvingEvent(AssemblyName assemblyName)
   at System.Runtime.Loader.AssemblyLoadContext.ResolveUsingEvent(AssemblyName assemblyName)
   at System.Runtime.Loader.AssemblyLoadContext.ResolveUsingResolvingEvent(IntPtr gchManagedAssemblyLoadContext, AssemblyName assemblyName)
TpTrace Information: 0 : 14656, 1, 2023/10/14, 20:48:13.865, 2798134500485, vstest.console.dll, AssemblyResolver.OnResolve: Microsoft.TestPlatform.Extensions.BlameDataCollector: Resolving assembly.
TpTrace Information: 0 : 14656, 1, 2023/10/14, 20:48:13.865, 2798134500802, vstest.console.dll, AssemblyResolver.OnResolve: Microsoft.TestPlatform.Extensions.BlameDataCollector: Searching in: 'C:\Program Files\dotnet\sdk\7.0.102\Extensions'.
TpTrace Information: 0 : 14656, 1, 2023/10/14, 20:48:13.866, 2798134504462, vstest.console.dll, AssemblyResolver.OnResolve: Microsoft.TestPlatform.Extensions.BlameDataCollector: Loading assembly 'C:\Program Files\dotnet\sdk\7.0.102\Extensions\Microsoft.TestPlatform.Extensions.BlameDataCollector.dll'.
TpTrace Information: 0 : 14656, 1, 2023/10/14, 20:48:13.866, 2798134508971, vstest.console.dll, AssemblyResolver.OnResolve: Resolved assembly: Microsoft.TestPlatform.Extensions.BlameDataCollector, from path: C:\Program Files\dotnet\sdk\7.0.102\Extensions\Microsoft.TestPlatform.Extensions.BlameDataCollector.dll
TpTrace Verbose: 0 : 14656, 1, 2023/10/14, 20:48:13.866, 2798134509671, vstest.console.dll, MetadataReaderExtensionsHelper: Discovering extensions inside assembly 'Microsoft.TestPlatform.Extensions.BlameDataCollector, Version=15.0.0.0, Culture=neutral, PublicKeyToken=b03f5f7f11d50a3a' file path 'C:\Program Files\dotnet\sdk\7.0.102\Extensions\Microsoft.TestPlatform.Extensions.BlameDataCollector.dll'
TpTrace Information: 0 : 14656, 1, 2023/10/14, 20:48:13.868, 2798134528139, vstest.console.dll, AssemblyResolver.OnResolve: Microsoft.TestPlatform.Extensions.EventLogCollector: Resolving assembly.
TpTrace Information: 0 : 14656, 1, 2023/10/14, 20:48:13.868, 2798134528745, vstest.console.dll, AssemblyResolver.OnResolve: Microsoft.TestPlatform.Extensions.EventLogCollector: Searching in: 'C:\Program Files\dotnet\sdk\7.0.102\Extensions'.
TpTrace Information: 0 : 14656, 1, 2023/10/14, 20:48:13.868, 2798134531682, vstest.console.dll, AssemblyResolver.OnResolve: Microsoft.TestPlatform.Extensions.EventLogCollector: Loading assembly 'C:\Program Files\dotnet\sdk\7.0.102\Extensions\Microsoft.TestPlatform.Extensions.EventLogCollector.dll'.
TpTrace Information: 0 : 14656, 1, 2023/10/14, 20:48:13.869, 2798134536424, vstest.console.dll, AssemblyResolver.OnResolve: Resolved assembly: Microsoft.TestPlatform.Extensions.EventLogCollector, from path: C:\Program Files\dotnet\sdk\7.0.102\Extensions\Microsoft.TestPlatform.Extensions.EventLogCollector.dll
TpTrace Verbose: 0 : 14656, 1, 2023/10/14, 20:48:13.869, 2798134536995, vstest.console.dll, MetadataReaderExtensionsHelper: Discovering extensions inside assembly 'Microsoft.TestPlatform.Extensions.EventLogCollector, Version=15.0.0.0, Culture=neutral, PublicKeyToken=b03f5f7f11d50a3a' file path 'C:\Program Files\dotnet\sdk\7.0.102\Extensions\Microsoft.TestPlatform.Extensions.EventLogCollector.dll'
TpTrace Information: 0 : 14656, 1, 2023/10/14, 20:48:13.871, 2798134554813, vstest.console.dll, AssemblyResolver.OnResolve: Microsoft.TestPlatform.TestHostRuntimeProvider: Resolving assembly.
TpTrace Information: 0 : 14656, 1, 2023/10/14, 20:48:13.871, 2798134555370, vstest.console.dll, AssemblyResolver.OnResolve: Microsoft.TestPlatform.TestHostRuntimeProvider: Searching in: 'C:\Program Files\dotnet\sdk\7.0.102\Extensions'.
TpTrace Information: 0 : 14656, 1, 2023/10/14, 20:48:13.871, 2798134557708, vstest.console.dll, AssemblyResolver.OnResolve: Microsoft.TestPlatform.TestHostRuntimeProvider: Loading assembly 'C:\Program Files\dotnet\sdk\7.0.102\Extensions\Microsoft.TestPlatform.TestHostRuntimeProvider.dll'.
TpTrace Information: 0 : 14656, 1, 2023/10/14, 20:48:13.871, 2798134561575, vstest.console.dll, AssemblyResolver.OnResolve: Resolved assembly: Microsoft.TestPlatform.TestHostRuntimeProvider, from path: C:\Program Files\dotnet\sdk\7.0.102\Extensions\Microsoft.TestPlatform.TestHostRuntimeProvider.dll
TpTrace Verbose: 0 : 14656, 1, 2023/10/14, 20:48:13.871, 2798134562328, vstest.console.dll, MetadataReaderExtensionsHelper: Discovering extensions inside assembly 'Microsoft.TestPlatform.TestHostRuntimeProvider, Version=15.0.0.0, Culture=neutral, PublicKeyToken=b03f5f7f11d50a3a' file path 'C:\Program Files\dotnet\sdk\7.0.102\Extensions\Microsoft.TestPlatform.TestHostRuntimeProvider.dll'
TpTrace Information: 0 : 14656, 1, 2023/10/14, 20:48:13.873, 2798134577494, vstest.console.dll, GetTestExtensionFromType: Register extension with identifier data 'HostProvider://DefaultTestHost' and type 'Microsoft.VisualStudio.TestPlatform.CrossPlatEngine.Hosting.DefaultTestHostManager, Microsoft.TestPlatform.TestHostRuntimeProvider, Version=15.0.0.0, Culture=neutral, PublicKeyToken=b03f5f7f11d50a3a' inside file 'C:\Program Files\dotnet\sdk\7.0.102\Extensions\Microsoft.TestPlatform.TestHostRuntimeProvider.dll'
TpTrace Information: 0 : 14656, 1, 2023/10/14, 20:48:13.873, 2798134579519, vstest.console.dll, GetTestExtensionFromType: Register extension with identifier data 'HostProvider://DotnetTestHost' and type 'Microsoft.VisualStudio.TestPlatform.CrossPlatEngine.Hosting.DotnetTestHostManager, Microsoft.TestPlatform.TestHostRuntimeProvider, Version=15.0.0.0, Culture=neutral, PublicKeyToken=b03f5f7f11d50a3a' inside file 'C:\Program Files\dotnet\sdk\7.0.102\Extensions\Microsoft.TestPlatform.TestHostRuntimeProvider.dll'
TpTrace Information: 0 : 14656, 1, 2023/10/14, 20:48:13.873, 2798134580161, vstest.console.dll, AssemblyResolver.OnResolve: Microsoft.VisualStudio.TestPlatform.Extensions.Html.TestLogger: Resolving assembly.
TpTrace Information: 0 : 14656, 1, 2023/10/14, 20:48:13.873, 2798134580372, vstest.console.dll, AssemblyResolver.OnResolve: Microsoft.VisualStudio.TestPlatform.Extensions.Html.TestLogger: Searching in: 'C:\Program Files\dotnet\sdk\7.0.102\Extensions'.
TpTrace Information: 0 : 14656, 1, 2023/10/14, 20:48:13.873, 2798134583201, vstest.console.dll, AssemblyResolver.OnResolve: Microsoft.VisualStudio.TestPlatform.Extensions.Html.TestLogger: Loading assembly 'C:\Program Files\dotnet\sdk\7.0.102\Extensions\Microsoft.VisualStudio.TestPlatform.Extensions.Html.TestLogger.dll'.
TpTrace Information: 0 : 14656, 1, 2023/10/14, 20:48:13.874, 2798134589873, vstest.console.dll, AssemblyResolver.OnResolve: Resolved assembly: Microsoft.VisualStudio.TestPlatform.Extensions.Html.TestLogger, from path: C:\Program Files\dotnet\sdk\7.0.102\Extensions\Microsoft.VisualStudio.TestPlatform.Extensions.Html.TestLogger.dll
TpTrace Verbose: 0 : 14656, 1, 2023/10/14, 20:48:13.874, 2798134591085, vstest.console.dll, MetadataReaderExtensionsHelper: Discovering extensions inside assembly 'Microsoft.VisualStudio.TestPlatform.Extensions.Html.TestLogger, Version=15.0.0.0, Culture=neutral, PublicKeyToken=b03f5f7f11d50a3a' file path 'C:\Program Files\dotnet\sdk\7.0.102\Extensions\Microsoft.VisualStudio.TestPlatform.Extensions.Html.TestLogger.dll'
TpTrace Information: 0 : 14656, 1, 2023/10/14, 20:48:13.875, 2798134602011, vstest.console.dll, AssemblyResolver.OnResolve: Microsoft.VisualStudio.TestPlatform.Extensions.Trx.TestLogger: Resolving assembly.
TpTrace Information: 0 : 14656, 1, 2023/10/14, 20:48:13.875, 2798134602951, vstest.console.dll, AssemblyResolver.OnResolve: Microsoft.VisualStudio.TestPlatform.Extensions.Trx.TestLogger: Searching in: 'C:\Program Files\dotnet\sdk\7.0.102\Extensions'.
TpTrace Information: 0 : 14656, 1, 2023/10/14, 20:48:13.876, 2798134607907, vstest.console.dll, AssemblyResolver.OnResolve: Microsoft.VisualStudio.TestPlatform.Extensions.Trx.TestLogger: Loading assembly 'C:\Program Files\dotnet\sdk\7.0.102\Extensions\Microsoft.VisualStudio.TestPlatform.Extensions.Trx.TestLogger.dll'.
TpTrace Information: 0 : 14656, 1, 2023/10/14, 20:48:13.876, 2798134612995, vstest.console.dll, AssemblyResolver.OnResolve: Resolved assembly: Microsoft.VisualStudio.TestPlatform.Extensions.Trx.TestLogger, from path: C:\Program Files\dotnet\sdk\7.0.102\Extensions\Microsoft.VisualStudio.TestPlatform.Extensions.Trx.TestLogger.dll
TpTrace Verbose: 0 : 14656, 1, 2023/10/14, 20:48:13.876, 2798134613638, vstest.console.dll, MetadataReaderExtensionsHelper: Discovering extensions inside assembly 'Microsoft.VisualStudio.TestPlatform.Extensions.Trx.TestLogger, Version=15.0.0.0, Culture=neutral, PublicKeyToken=b03f5f7f11d50a3a' file path 'C:\Program Files\dotnet\sdk\7.0.102\Extensions\Microsoft.VisualStudio.TestPlatform.Extensions.Trx.TestLogger.dll'
TpTrace Verbose: 0 : 14656, 1, 2023/10/14, 20:48:13.878, 2798134624943, vstest.console.dll, TestPluginCache: Discovered the extensions using extension path ''.
TpTrace Verbose: 0 : 14656, 1, 2023/10/14, 20:48:13.878, 2798134625576, vstest.console.dll, TestPluginCache: Discoverers are ''.
TpTrace Verbose: 0 : 14656, 1, 2023/10/14, 20:48:13.878, 2798134625730, vstest.console.dll, TestPluginCache: Executors are ''.
TpTrace Verbose: 0 : 14656, 1, 2023/10/14, 20:48:13.878, 2798134625859, vstest.console.dll, TestPluginCache: Executors2 are ''.
TpTrace Verbose: 0 : 14656, 1, 2023/10/14, 20:48:13.878, 2798134625983, vstest.console.dll, TestPluginCache: Setting providers are ''.
TpTrace Verbose: 0 : 14656, 1, 2023/10/14, 20:48:13.878, 2798134626110, vstest.console.dll, TestPluginCache: Loggers are ''.
TpTrace Verbose: 0 : 14656, 1, 2023/10/14, 20:48:13.878, 2798134626989, vstest.console.dll, TestPluginCache: TestHosts are 'HostProvider://DefaultTestHost,HostProvider://DotnetTestHost'.
TpTrace Verbose: 0 : 14656, 1, 2023/10/14, 20:48:13.878, 2798134627227, vstest.console.dll, TestPluginCache: DataCollectors are ''.
TpTrace Information: 0 : 14656, 1, 2023/10/14, 20:48:13.887, 2798134714859, vstest.console.dll, RunTestsArgumentProcessor:Execute: Test run is starting.
TpTrace Verbose: 0 : 14656, 1, 2023/10/14, 20:48:13.887, 2798134715851, vstest.console.dll, RunTestsArgumentProcessor:Execute: Queuing Test run.
TpTrace Information: 0 : 14656, 1, 2023/10/14, 20:48:13.887, 2798134717563, vstest.console.dll, TestRequestManager.RunTests: run tests started.
TpTrace Information: 0 : 14656, 1, 2023/10/14, 20:48:13.888, 2798134733338, vstest.console.dll, AssemblyMetadataProvider.GetFrameworkName: Determined framework:'.NETCoreApp,Version=v6.0' for source: 'C:\Users\anandhu.girish\source\repos\SplitTheBill.Test\bin\Debug\net6.0\fine-code-coverage\build-output\SplitTheBill.Test.dll'
TpTrace Information: 0 : 14656, 1, 2023/10/14, 20:48:13.889, 2798134735254, vstest.console.dll, Determined framework for all sources: .NETCoreApp,Version=v6.0
TpTrace Verbose: 0 : 14656, 1, 2023/10/14, 20:48:13.889, 2798134738504, vstest.console.dll, TestRequestManager.UpdateRunSettingsIfRequired: Default architecture: X64 IsDefaultTargetArchitecture: True, Current process architecture: X64 OperatingSystem: Windows.
TpTrace Information: 0 : 14656, 1, 2023/10/14, 20:48:13.891, 2798134761449, vstest.console.dll, AssemblyMetadataProvider.GetArchitecture: Determined architecture:AnyCPU info for assembly: C:\Users\anandhu.girish\source\repos\SplitTheBill.Test\bin\Debug\net6.0\fine-code-coverage\build-output\SplitTheBill.Test.dll
TpTrace Information: 0 : 14656, 1, 2023/10/14, 20:48:13.891, 2798134762442, vstest.console.dll, Determined platform for source 'C:\Users\anandhu.girish\source\repos\SplitTheBill.Test\bin\Debug\net6.0\fine-code-coverage\build-output\SplitTheBill.Test.dll' was AnyCPU and it will use the default plaform X64.
TpTrace Information: 0 : 14656, 1, 2023/10/14, 20:48:13.891, 2798134762697, vstest.console.dll, None of the sources provided any runnable platform, using the default platform: X64
TpTrace Information: 0 : 14656, 1, 2023/10/14, 20:48:13.891, 2798134763625, vstest.console.dll, Platform was updated to 'X64'.
TpTrace Information: 0 : 14656, 1, 2023/10/14, 20:48:13.896, 2798134807801, vstest.console.dll, InferRunSettingsHelper.IsTestSettingsEnabled: Unable to navigate to RunSettings/MSTest. Current node: RunSettings
TpTrace Information: 0 : 14656, 1, 2023/10/14, 20:48:13.897, 2798134817620, vstest.console.dll, AssemblyResolver.OnResolve: Microsoft.VisualStudio.TestPlatform.Fakes: Resolving assembly.
TpTrace Information: 0 : 14656, 1, 2023/10/14, 20:48:13.897, 2798134818242, vstest.console.dll, AssemblyResolver.OnResolve: Microsoft.VisualStudio.TestPlatform.Fakes: Searching in: 'C:\Program Files\dotnet\sdk\7.0.102\Extensions'.
TpTrace Information: 0 : 14656, 1, 2023/10/14, 20:48:13.897, 2798134818990, vstest.console.dll, AssemblyResolver.OnResolve: Microsoft.VisualStudio.TestPlatform.Fakes: Assembly path does not exist: 'C:\Program Files\dotnet\sdk\7.0.102\Extensions\Microsoft.VisualStudio.TestPlatform.Fakes.dll', returning.
TpTrace Information: 0 : 14656, 1, 2023/10/14, 20:48:13.897, 2798134819309, vstest.console.dll, AssemblyResolver.OnResolve: Microsoft.VisualStudio.TestPlatform.Fakes: Assembly path does not exist: 'C:\Program Files\dotnet\sdk\7.0.102\Extensions\Microsoft.VisualStudio.TestPlatform.Fakes.exe', returning.
TpTrace Information: 0 : 14656, 1, 2023/10/14, 20:48:13.897, 2798134819462, vstest.console.dll, AssemblyResolver.OnResolve: Microsoft.VisualStudio.TestPlatform.Fakes: Searching in: 'C:\Program Files\dotnet\sdk\7.0.102'.
TpTrace Information: 0 : 14656, 1, 2023/10/14, 20:48:13.897, 2798134819790, vstest.console.dll, AssemblyResolver.OnResolve: Microsoft.VisualStudio.TestPlatform.Fakes: Assembly path does not exist: 'C:\Program Files\dotnet\sdk\7.0.102\Microsoft.VisualStudio.TestPlatform.Fakes.dll', returning.
TpTrace Information: 0 : 14656, 1, 2023/10/14, 20:48:13.897, 2798134820068, vstest.console.dll, AssemblyResolver.OnResolve: Microsoft.VisualStudio.TestPlatform.Fakes: Assembly path does not exist: 'C:\Program Files\dotnet\sdk\7.0.102\Microsoft.VisualStudio.TestPlatform.Fakes.exe', returning.
TpTrace Information: 0 : 14656, 1, 2023/10/14, 20:48:13.897, 2798134820225, vstest.console.dll, AssemblyResolver.OnResolve: Microsoft.VisualStudio.TestPlatform.Fakes: Failed to load assembly.
TpTrace Information: 0 : 14656, 1, 2023/10/14, 20:48:13.897, 2798134822196, vstest.console.dll, Failed to load assembly Microsoft.VisualStudio.TestPlatform.Fakes, Version=17.0.0.0, Culture=neutral. Reason:System.IO.FileNotFoundException: Could not load file or assembly 'Microsoft.VisualStudio.TestPlatform.Fakes, Version=17.0.0.0, Culture=neutral, PublicKeyToken=null'. The system cannot find the file specified.
File name: 'Microsoft.VisualStudio.TestPlatform.Fakes, Version=17.0.0.0, Culture=neutral, PublicKeyToken=null'
   at System.Reflection.RuntimeAssembly.InternalLoad(AssemblyName assemblyName, StackCrawlMark& stackMark, AssemblyLoadContext assemblyLoadContext, RuntimeAssembly requestingAssembly, Boolean throwOnFileNotFound)
   at System.Reflection.Assembly.Load(AssemblyName assemblyRef)
   at Microsoft.VisualStudio.TestPlatform.Common.Utilities.FakesUtilities.LoadTestPlatformAssembly()
TpTrace Verbose: 0 : 14656, 1, 2023/10/14, 20:48:13.901, 2798134855621, vstest.console.dll, TestPluginCache.DiscoverTestExtensions: finding test extensions in assemblies ends with: TestLogger.dll TPluginInfo: Microsoft.VisualStudio.TestPlatform.Common.ExtensionFramework.Utilities.TestLoggerPluginInformation TExtension: Microsoft.VisualStudio.TestPlatform.ObjectModel.Client.ITestLogger
TpTrace Verbose: 0 : 14656, 1, 2023/10/14, 20:48:13.901, 2798134856466, vstest.console.dll, TestPluginCache.GetExtensionPaths: Filtered extension paths: 
TpTrace Verbose: 0 : 14656, 1, 2023/10/14, 20:48:13.901, 2798134856679, vstest.console.dll, TestPluginCache.GetExtensionPaths: Added default extension paths: C:\Program Files\dotnet\sdk\7.0.102\Extensions\Microsoft.Diagnostics.NETCore.Client.dll
C:\Program Files\dotnet\sdk\7.0.102\Extensions\Microsoft.TestPlatform.Extensions.BlameDataCollector.dll
C:\Program Files\dotnet\sdk\7.0.102\Extensions\Microsoft.TestPlatform.Extensions.EventLogCollector.dll
C:\Program Files\dotnet\sdk\7.0.102\Extensions\Microsoft.TestPlatform.TestHostRuntimeProvider.dll
C:\Program Files\dotnet\sdk\7.0.102\Extensions\Microsoft.VisualStudio.TestPlatform.Extensions.Html.TestLogger.dll
C:\Program Files\dotnet\sdk\7.0.102\Extensions\Microsoft.VisualStudio.TestPlatform.Extensions.Trx.TestLogger.dll
TpTrace Verbose: 0 : 14656, 1, 2023/10/14, 20:48:13.901, 2798134856857, vstest.console.dll, TestPluginCache.GetExtensionPaths: Added unfilterableExtensionPaths: 
TpTrace Information: 0 : 14656, 1, 2023/10/14, 20:48:13.901, 2798134857798, vstest.console.dll, AssemblyResolver.AddSearchDirectories: Adding more searchDirectories C:\Program Files\dotnet\sdk\7.0.102\Extensions,C:\Program Files\dotnet\sdk\7.0.102
TpTrace Verbose: 0 : 14656, 1, 2023/10/14, 20:48:13.901, 2798134858080, vstest.console.dll, TestPluginCache.DiscoverTestExtensions: Discovering the extensions using extension path.
TpTrace Verbose: 0 : 14656, 1, 2023/10/14, 20:48:13.901, 2798134858265, vstest.console.dll, TestPluginCache.GetExtensionPaths: Filtered extension paths: 
TpTrace Verbose: 0 : 14656, 1, 2023/10/14, 20:48:13.901, 2798134858447, vstest.console.dll, TestPluginCache.GetExtensionPaths: Added default extension paths: C:\Program Files\dotnet\sdk\7.0.102\Extensions\Microsoft.Diagnostics.NETCore.Client.dll
C:\Program Files\dotnet\sdk\7.0.102\Extensions\Microsoft.TestPlatform.Extensions.BlameDataCollector.dll
C:\Program Files\dotnet\sdk\7.0.102\Extensions\Microsoft.TestPlatform.Extensions.EventLogCollector.dll
C:\Program Files\dotnet\sdk\7.0.102\Extensions\Microsoft.TestPlatform.TestHostRuntimeProvider.dll
C:\Program Files\dotnet\sdk\7.0.102\Extensions\Microsoft.VisualStudio.TestPlatform.Extensions.Html.TestLogger.dll
C:\Program Files\dotnet\sdk\7.0.102\Extensions\Microsoft.VisualStudio.TestPlatform.Extensions.Trx.TestLogger.dll
TpTrace Verbose: 0 : 14656, 1, 2023/10/14, 20:48:13.901, 2798134858598, vstest.console.dll, TestPluginCache.GetExtensionPaths: Added unfilterableExtensionPaths: 
TpTrace Verbose: 0 : 14656, 1, 2023/10/14, 20:48:13.901, 2798134858770, vstest.console.dll, TestPluginCache.DiscoverTestExtensions: Discovering the extensions using allExtensionPaths: C:\Program Files\dotnet\sdk\7.0.102\Extensions\Microsoft.Diagnostics.NETCore.Client.dll
C:\Program Files\dotnet\sdk\7.0.102\Extensions\Microsoft.TestPlatform.Extensions.BlameDataCollector.dll
C:\Program Files\dotnet\sdk\7.0.102\Extensions\Microsoft.TestPlatform.Extensions.EventLogCollector.dll
C:\Program Files\dotnet\sdk\7.0.102\Extensions\Microsoft.TestPlatform.TestHostRuntimeProvider.dll
C:\Program Files\dotnet\sdk\7.0.102\Extensions\Microsoft.VisualStudio.TestPlatform.Extensions.Html.TestLogger.dll
C:\Program Files\dotnet\sdk\7.0.102\Extensions\Microsoft.VisualStudio.TestPlatform.Extensions.Trx.TestLogger.dll
TpTrace Information: 0 : 14656, 1, 2023/10/14, 20:48:13.901, 2798134859483, vstest.console.dll, AssemblyResolver.AddSearchDirectories: Adding more searchDirectories C:\Program Files\dotnet\sdk\7.0.102\Extensions,C:\Program Files\dotnet\sdk\7.0.102
TpTrace Information: 0 : 14656, 1, 2023/10/14, 20:48:13.901, 2798134859718, vstest.console.dll, AssemblyResolver.AddSearchDirectories: Adding more searchDirectories C:\Program Files\dotnet\sdk\7.0.102\Extensions,C:\Program Files\dotnet\sdk\7.0.102
TpTrace Information: 0 : 14656, 1, 2023/10/14, 20:48:13.901, 2798134859867, vstest.console.dll, AssemblyResolver.AddSearchDirectories: Adding more searchDirectories C:\Program Files\dotnet\sdk\7.0.102\Extensions,C:\Program Files\dotnet\sdk\7.0.102
TpTrace Information: 0 : 14656, 1, 2023/10/14, 20:48:13.901, 2798134860007, vstest.console.dll, AssemblyResolver.AddSearchDirectories: Adding more searchDirectories C:\Program Files\dotnet\sdk\7.0.102\Extensions,C:\Program Files\dotnet\sdk\7.0.102
TpTrace Information: 0 : 14656, 1, 2023/10/14, 20:48:13.901, 2798134860171, vstest.console.dll, AssemblyResolver.AddSearchDirectories: Adding more searchDirectories C:\Program Files\dotnet\sdk\7.0.102\Extensions,C:\Program Files\dotnet\sdk\7.0.102
TpTrace Information: 0 : 14656, 1, 2023/10/14, 20:48:13.901, 2798134860313, vstest.console.dll, AssemblyResolver.AddSearchDirectories: Adding more searchDirectories C:\Program Files\dotnet\sdk\7.0.102\Extensions,C:\Program Files\dotnet\sdk\7.0.102
TpTrace Verbose: 0 : 14656, 1, 2023/10/14, 20:48:13.901, 2798134861048, vstest.console.dll, MetadataReaderExtensionsHelper: Discovering extensions inside assembly 'Microsoft.Diagnostics.NETCore.Client, Version=0.2.6.42401, Culture=neutral, PublicKeyToken=31bf3856ad364e35' file path 'C:\Program Files\dotnet\sdk\7.0.102\Extensions\Microsoft.Diagnostics.NETCore.Client.dll'
TpTrace Information: 0 : 14656, 1, 2023/10/14, 20:48:13.902, 2798134867586, vstest.console.dll, AssemblyResolver.OnResolve: Microsoft.Bcl.AsyncInterfaces: Resolving assembly.
TpTrace Information: 0 : 14656, 1, 2023/10/14, 20:48:13.902, 2798134868147, vstest.console.dll, AssemblyResolver.OnResolve: Microsoft.Bcl.AsyncInterfaces: Resolved from cache.
TpTrace Verbose: 0 : 14656, 1, 2023/10/14, 20:48:13.902, 2798134868306, vstest.console.dll, CurrentDomainAssemblyResolve: Resolving assembly 'Microsoft.Bcl.AsyncInterfaces'.
TpTrace Information: 0 : 14656, 1, 2023/10/14, 20:48:13.902, 2798134868585, vstest.console.dll, AssemblyResolver.OnResolve: Microsoft.Bcl.AsyncInterfaces: Resolving assembly.
TpTrace Information: 0 : 14656, 1, 2023/10/14, 20:48:13.902, 2798134868732, vstest.console.dll, AssemblyResolver.OnResolve: Microsoft.Bcl.AsyncInterfaces: Resolved from cache.
TpTrace Verbose: 0 : 14656, 1, 2023/10/14, 20:48:13.902, 2798134868863, vstest.console.dll, CurrentDomainAssemblyResolve: Resolving assembly 'Microsoft.Bcl.AsyncInterfaces'.
TpTrace Verbose: 0 : 14656, 1, 2023/10/14, 20:48:13.902, 2798134868993, vstest.console.dll, CurrentDomainAssemblyResolve: Failed to resolve assembly 'Microsoft.Bcl.AsyncInterfaces'.
TpTrace Verbose: 0 : 14656, 1, 2023/10/14, 20:48:13.902, 2798134870048, vstest.console.dll, CurrentDomainAssemblyResolve: Failed to resolve assembly 'Microsoft.Bcl.AsyncInterfaces'.
TpTrace Warning: 0 : 14656, 1, 2023/10/14, 20:48:13.902, 2798134872310, vstest.console.dll, TestPluginDiscoverer: Failed to get types from assembly 'Microsoft.Diagnostics.NETCore.Client, Version=0.2.6.42401, Culture=neutral, PublicKeyToken=31bf3856ad364e35'. Error: System.Reflection.ReflectionTypeLoadException: Unable to load one or more of the requested types.
Could not load file or assembly 'Microsoft.Bcl.AsyncInterfaces, Version=1.0.0.0, Culture=neutral, PublicKeyToken=cc7b13ffcd2ddd51'. The system cannot find the file specified.
   at System.Reflection.RuntimeModule.GetTypes(RuntimeModule module)
   at System.Reflection.Assembly.GetTypes()
   at Microsoft.VisualStudio.TestPlatform.Common.ExtensionFramework.TestPluginDiscoverer.GetTestExtensionsFromAssembly[TPluginInfo,TExtension](Assembly assembly, Dictionary`2 pluginInfos, String filePath)
System.IO.FileNotFoundException: Could not load file or assembly 'Microsoft.Bcl.AsyncInterfaces, Version=1.0.0.0, Culture=neutral, PublicKeyToken=cc7b13ffcd2ddd51'. The system cannot find the file specified.
File name: 'Microsoft.Bcl.AsyncInterfaces, Version=1.0.0.0, Culture=neutral, PublicKeyToken=cc7b13ffcd2ddd51'
 ---> System.IO.FileNotFoundException: Could not load file or assembly 'Microsoft.Bcl.AsyncInterfaces, Culture=neutral, PublicKeyToken=null'. The system cannot find the file specified.
File name: 'Microsoft.Bcl.AsyncInterfaces, Culture=neutral, PublicKeyToken=null'
   at System.Reflection.RuntimeAssembly.InternalLoad(AssemblyName assemblyName, StackCrawlMark& stackMark, AssemblyLoadContext assemblyLoadContext, RuntimeAssembly requestingAssembly, Boolean throwOnFileNotFound)
   at System.Reflection.Assembly.Load(AssemblyName assemblyRef)
   at Microsoft.VisualStudio.TestPlatform.Common.ExtensionFramework.TestPluginCache.CurrentDomainAssemblyResolve(Object sender, AssemblyResolveEventArgs args)
   at System.Runtime.Loader.AssemblyLoadContext.GetFirstResolvedAssemblyFromResolvingEvent(AssemblyName assemblyName)
   at System.Runtime.Loader.AssemblyLoadContext.ResolveUsingEvent(AssemblyName assemblyName)
   at System.Runtime.Loader.AssemblyLoadContext.ResolveUsingResolvingEvent(IntPtr gchManagedAssemblyLoadContext, AssemblyName assemblyName)
TpTrace Warning: 0 : 14656, 1, 2023/10/14, 20:48:13.902, 2798134873282, vstest.console.dll, LoaderExceptions: System.IO.FileNotFoundException: Could not load file or assembly 'Microsoft.Bcl.AsyncInterfaces, Version=1.0.0.0, Culture=neutral, PublicKeyToken=cc7b13ffcd2ddd51'. The system cannot find the file specified.
File name: 'Microsoft.Bcl.AsyncInterfaces, Version=1.0.0.0, Culture=neutral, PublicKeyToken=cc7b13ffcd2ddd51'
 ---> System.IO.FileNotFoundException: Could not load file or assembly 'Microsoft.Bcl.AsyncInterfaces, Culture=neutral, PublicKeyToken=null'. The system cannot find the file specified.
File name: 'Microsoft.Bcl.AsyncInterfaces, Culture=neutral, PublicKeyToken=null'
   at System.Reflection.RuntimeAssembly.InternalLoad(AssemblyName assemblyName, StackCrawlMark& stackMark, AssemblyLoadContext assemblyLoadContext, RuntimeAssembly requestingAssembly, Boolean throwOnFileNotFound)
   at System.Reflection.Assembly.Load(AssemblyName assemblyRef)
   at Microsoft.VisualStudio.TestPlatform.Common.ExtensionFramework.TestPluginCache.CurrentDomainAssemblyResolve(Object sender, AssemblyResolveEventArgs args)
   at System.Runtime.Loader.AssemblyLoadContext.GetFirstResolvedAssemblyFromResolvingEvent(AssemblyName assemblyName)
   at System.Runtime.Loader.AssemblyLoadContext.ResolveUsingEvent(AssemblyName assemblyName)
   at System.Runtime.Loader.AssemblyLoadContext.ResolveUsingResolvingEvent(IntPtr gchManagedAssemblyLoadContext, AssemblyName assemblyName)
TpTrace Verbose: 0 : 14656, 1, 2023/10/14, 20:48:13.902, 2798134873777, vstest.console.dll, MetadataReaderExtensionsHelper: Discovering extensions inside assembly 'Microsoft.TestPlatform.Extensions.BlameDataCollector, Version=15.0.0.0, Culture=neutral, PublicKeyToken=b03f5f7f11d50a3a' file path 'C:\Program Files\dotnet\sdk\7.0.102\Extensions\Microsoft.TestPlatform.Extensions.BlameDataCollector.dll'
TpTrace Information: 0 : 14656, 1, 2023/10/14, 20:48:13.903, 2798134878395, vstest.console.dll, GetTestExtensionFromType: Register extension with identifier data 'logger://Microsoft/TestPlatform/Extensions/Blame/v1' and type 'Microsoft.TestPlatform.Extensions.BlameDataCollector.BlameLogger, Microsoft.TestPlatform.Extensions.BlameDataCollector, Version=15.0.0.0, Culture=neutral, PublicKeyToken=b03f5f7f11d50a3a' inside file 'C:\Program Files\dotnet\sdk\7.0.102\Extensions\Microsoft.TestPlatform.Extensions.BlameDataCollector.dll'
TpTrace Verbose: 0 : 14656, 1, 2023/10/14, 20:48:13.903, 2798134878920, vstest.console.dll, MetadataReaderExtensionsHelper: Discovering extensions inside assembly 'Microsoft.TestPlatform.Extensions.EventLogCollector, Version=15.0.0.0, Culture=neutral, PublicKeyToken=b03f5f7f11d50a3a' file path 'C:\Program Files\dotnet\sdk\7.0.102\Extensions\Microsoft.TestPlatform.Extensions.EventLogCollector.dll'
TpTrace Verbose: 0 : 14656, 1, 2023/10/14, 20:48:13.903, 2798134881289, vstest.console.dll, MetadataReaderExtensionsHelper: Discovering extensions inside assembly 'Microsoft.TestPlatform.TestHostRuntimeProvider, Version=15.0.0.0, Culture=neutral, PublicKeyToken=b03f5f7f11d50a3a' file path 'C:\Program Files\dotnet\sdk\7.0.102\Extensions\Microsoft.TestPlatform.TestHostRuntimeProvider.dll'
TpTrace Verbose: 0 : 14656, 1, 2023/10/14, 20:48:13.903, 2798134883867, vstest.console.dll, MetadataReaderExtensionsHelper: Discovering extensions inside assembly 'Microsoft.VisualStudio.TestPlatform.Extensions.Html.TestLogger, Version=15.0.0.0, Culture=neutral, PublicKeyToken=b03f5f7f11d50a3a' file path 'C:\Program Files\dotnet\sdk\7.0.102\Extensions\Microsoft.VisualStudio.TestPlatform.Extensions.Html.TestLogger.dll'
TpTrace Information: 0 : 14656, 1, 2023/10/14, 20:48:13.904, 2798134887955, vstest.console.dll, GetTestExtensionFromType: Register extension with identifier data 'logger://Microsoft/TestPlatform/HtmlLogger/v1' and type 'Microsoft.VisualStudio.TestPlatform.Extensions.HtmlLogger.HtmlLogger, Microsoft.VisualStudio.TestPlatform.Extensions.Html.TestLogger, Version=15.0.0.0, Culture=neutral, PublicKeyToken=b03f5f7f11d50a3a' inside file 'C:\Program Files\dotnet\sdk\7.0.102\Extensions\Microsoft.VisualStudio.TestPlatform.Extensions.Html.TestLogger.dll'
TpTrace Verbose: 0 : 14656, 1, 2023/10/14, 20:48:13.904, 2798134888405, vstest.console.dll, MetadataReaderExtensionsHelper: Discovering extensions inside assembly 'Microsoft.VisualStudio.TestPlatform.Extensions.Trx.TestLogger, Version=15.0.0.0, Culture=neutral, PublicKeyToken=b03f5f7f11d50a3a' file path 'C:\Program Files\dotnet\sdk\7.0.102\Extensions\Microsoft.VisualStudio.TestPlatform.Extensions.Trx.TestLogger.dll'
TpTrace Information: 0 : 14656, 1, 2023/10/14, 20:48:13.904, 2798134890948, vstest.console.dll, GetTestExtensionFromType: Register extension with identifier data 'logger://Microsoft/TestPlatform/TrxLogger/v1' and type 'Microsoft.VisualStudio.TestPlatform.Extensions.TrxLogger.TrxLogger, Microsoft.VisualStudio.TestPlatform.Extensions.Trx.TestLogger, Version=15.0.0.0, Culture=neutral, PublicKeyToken=b03f5f7f11d50a3a' inside file 'C:\Program Files\dotnet\sdk\7.0.102\Extensions\Microsoft.VisualStudio.TestPlatform.Extensions.Trx.TestLogger.dll'
TpTrace Verbose: 0 : 14656, 1, 2023/10/14, 20:48:13.904, 2798134891820, vstest.console.dll, TestPluginCache: Discovered the extensions using extension path ''.
TpTrace Verbose: 0 : 14656, 1, 2023/10/14, 20:48:13.904, 2798134892044, vstest.console.dll, TestPluginCache: Discoverers are ''.
TpTrace Verbose: 0 : 14656, 1, 2023/10/14, 20:48:13.904, 2798134892176, vstest.console.dll, TestPluginCache: Executors are ''.
TpTrace Verbose: 0 : 14656, 1, 2023/10/14, 20:48:13.904, 2798134892299, vstest.console.dll, TestPluginCache: Executors2 are ''.
TpTrace Verbose: 0 : 14656, 1, 2023/10/14, 20:48:13.904, 2798134892423, vstest.console.dll, TestPluginCache: Setting providers are ''.
TpTrace Verbose: 0 : 14656, 1, 2023/10/14, 20:48:13.904, 2798134892852, vstest.console.dll, TestPluginCache: Loggers are 'logger://Microsoft/TestPlatform/Extensions/Blame/v1,logger://Microsoft/TestPlatform/HtmlLogger/v1,logger://Microsoft/TestPlatform/TrxLogger/v1'.
TpTrace Verbose: 0 : 14656, 1, 2023/10/14, 20:48:13.904, 2798134893094, vstest.console.dll, TestPluginCache: TestHosts are 'HostProvider://DefaultTestHost,HostProvider://DotnetTestHost'.
TpTrace Verbose: 0 : 14656, 1, 2023/10/14, 20:48:13.904, 2798134893241, vstest.console.dll, TestPluginCache: DataCollectors are ''.
TpTrace Information: 0 : 14656, 1, 2023/10/14, 20:48:13.905, 2798134900036, vstest.console.dll, TestPluginManager.CreateTestExtension: Attempting to load test extension: Microsoft.TestPlatform.Extensions.BlameDataCollector.BlameLogger
TpTrace Verbose: 0 : 14656, 1, 2023/10/14, 20:48:13.911, 2798134959518, vstest.console.dll, TestEngine: Initializing Parallel Execution as MaxCpuCount is set to: 1
TpTrace Information: 0 : 14656, 1, 2023/10/14, 20:48:13.912, 2798134972620, vstest.console.dll, TestPluginManager.CreateTestExtension: Attempting to load test extension: Microsoft.VisualStudio.TestPlatform.CrossPlatEngine.Hosting.DefaultTestHostManager
TpTrace Information: 0 : 14656, 1, 2023/10/14, 20:48:13.913, 2798134981386, vstest.console.dll, TestPluginManager.CreateTestExtension: Attempting to load test extension: Microsoft.VisualStudio.TestPlatform.CrossPlatEngine.Hosting.DotnetTestHostManager
TpTrace Information: 0 : 14656, 1, 2023/10/14, 20:48:13.914, 2798134987338, vstest.console.dll, InferRunSettingsHelper.IsTestSettingsEnabled: Unable to navigate to RunSettings/MSTest. Current node: RunSettings
TpTrace Verbose: 0 : 14656, 1, 2023/10/14, 20:48:13.917, 2798135017614, vstest.console.dll, TestEngine.GetExecutionManager: Chosen execution manager 'Microsoft.VisualStudio.TestPlatform.CrossPlatEngine.Client.Parallel.ParallelProxyExecutionManager, Microsoft.TestPlatform.CrossPlatEngine, Version=15.0.0.0, Culture=neutral, PublicKeyToken=b03f5f7f11d50a3a' ParallelLevel '1'.
TpTrace Verbose: 0 : 14656, 1, 2023/10/14, 20:48:13.917, 2798135018678, vstest.console.dll, TestRunRequest.ExecuteAsync: Creating test run request.
TpTrace Verbose: 0 : 14656, 1, 2023/10/14, 20:48:13.917, 2798135020313, vstest.console.dll, TestRunRequest.ExecuteAsync: Starting.
TpTrace Information: 0 : 14656, 1, 2023/10/14, 20:48:13.917, 2798135022394, vstest.console.dll, TestRunRequest.ExecuteAsync: Starting run with settings:TestRunCriteria:
   KeepAlive=False,FrequencyOfRunStatsChangeEvent=10,RunStatsChangeEventTimeout=00:00:01.5000000,TestCaseFilter=,TestExecutorLauncher=
   Settingsxml=<RunSettings>
  <RunConfiguration>
    <ResultsDirectory>C:\Users\anandhu.girish\source\repos\SplitTheBill.Test\bin\Debug\net6.0\fine-code-coverage\coverage-tool-output</ResultsDirectory>
    <TargetPlatform>X64</TargetPlatform>
    <TargetFrameworkVersion>.NETCoreApp,Version=v6.0</TargetFrameworkVersion>
    <DesignMode>False</DesignMode>
    <CollectSourceInformation>False</CollectSourceInformation>
  </RunConfiguration>
  <LoggerRunSettings>
    <Loggers>
      <Logger friendlyName="blame" enabled="True" />
      <Logger friendlyName="Console" uri="logger://microsoft/TestPlatform/ConsoleLogger/v1" assemblyQualifiedName="Microsoft.VisualStudio.TestPlatform.CommandLine.Internal.ConsoleLogger, vstest.console, Version=15.0.0.0, Culture=neutral, PublicKeyToken=b03f5f7f11d50a3a" codeBase="C:\Program Files\dotnet\sdk\7.0.102\vstest.console.dll" enabled="True" />
    </Loggers>
  </LoggerRunSettings>
  <DataCollectionRunSettings>
    <DataCollectors>
      <DataCollector friendlyName="blame" enabled="True">
        <Configuration>
          <ResultsDirectory>C:\Users\anandhu.girish\source\repos\SplitTheBill.Test\bin\Debug\net6.0\fine-code-coverage\coverage-tool-output</ResultsDirectory>
        </Configuration>
      </DataCollector>
    </DataCollectors>
  </DataCollectionRunSettings>
</RunSettings>

TpTrace Verbose: 0 : 14656, 1, 2023/10/14, 20:48:13.917, 2798135022738, vstest.console.dll, TestRunRequest.ExecuteAsync: Wait for the first run request is over.
TpTrace Verbose: 0 : 14656, 1, 2023/10/14, 20:48:13.918, 2798135025102, vstest.console.dll, MulticastDelegateUtilities.SafeInvoke: TestRun.TestRunStart: Invoking callbacks was skipped because there are no subscribers.
TpTrace Verbose: 0 : 14656, 4, 2023/10/14, 20:48:13.918, 2798135028135, vstest.console.dll, MulticastDelegateUtilities.SafeInvoke: InternalTestLoggerEvents.SendTestRunStart: Invoking callback 1/1 for Microsoft.VisualStudio.TestPlatform.CommandLine.Internal.ConsoleLogger., took 0 ms.
TpTrace Verbose: 0 : 14656, 1, 2023/10/14, 20:48:13.919, 2798135035899, vstest.console.dll, ParallelProxyExecutionManager: Start execution. Total sources: 1
TpTrace Verbose: 0 : 14656, 1, 2023/10/14, 20:48:13.920, 2798135047655, vstest.console.dll, TestRequestSender is acting as server.
TpTrace Verbose: 0 : 14656, 1, 2023/10/14, 20:48:13.921, 2798135057124, vstest.console.dll, DataCollectionRequestSender.InitializeCommunication : Initialize communication. 
TpTrace Information: 0 : 14656, 1, 2023/10/14, 20:48:13.926, 2798135107308, vstest.console.dll, Listening on Endpoint : 127.0.0.1:51103
TpTrace Verbose: 0 : 14656, 1, 2023/10/14, 20:48:13.932, 2798135170747, vstest.console.dll, DotnetDataCollectionLauncher: Adding  --runtimeconfig "C:\Program Files\dotnet\sdk\7.0.102\datacollector.runtimeconfig.json" in args
TpTrace Verbose: 0 : 14656, 1, 2023/10/14, 20:48:13.932, 2798135172449, vstest.console.dll, DotnetDataCollectionLauncher: Adding  --depsfile "C:\Program Files\dotnet\sdk\7.0.102\datacollector.deps.json" in args
TpTrace Verbose: 0 : 14656, 1, 2023/10/14, 20:48:13.932, 2798135173511, vstest.console.dll, DotnetDataCollectionLauncher: Full path of dotnet.exe is C:\Program Files\dotnet\dotnet.exe
TpTrace Information: 0 : 14656, 1, 2023/10/14, 20:48:13.947, 2798135317687, vstest.console.dll, ProxyDataCollectionManager.Initialize: Launched datacollector processId: 24480 port: 51103
TpTrace Information: 0 : 14656, 1, 2023/10/14, 20:48:13.947, 2798135320250, vstest.console.dll, ProxyDataCollectionManager.Initialize: waiting for connection with timeout: 90 seconds
TpTrace Verbose: 0 : 14656, 1, 2023/10/14, 20:48:13.947, 2798135320930, vstest.console.dll, DataCollectionRequestSender.WaitForRequestHandlerConnection : Waiting for connection with timeout: 90000
TpTrace Information: 0 : 14656, 7, 2023/10/14, 20:48:14.094, 2798136792695, vstest.console.dll, Using the buffer size of 16384 bytes
TpTrace Verbose: 0 : 14656, 1, 2023/10/14, 20:48:14.094, 2798136792906, vstest.console.dll, SocketCommunicationManager.WaitForClientConnection took: 147 ms, with 90000 ms timeout, and finished with True.
TpTrace Information: 0 : 14656, 7, 2023/10/14, 20:48:14.094, 2798136794258, vstest.console.dll, Accepted Client request and set the flag
TpTrace Verbose: 0 : 14656, 1, 2023/10/14, 20:48:14.095, 2798136795295, vstest.console.dll, ProxyDataCollectionManager.InvokeDataCollectionServiceAction: Starting.
TpTrace Information: 0 : 14656, 1, 2023/10/14, 20:48:14.095, 2798136796345, vstest.console.dll, ProxyDataCollectionManager.BeforeTestRunStart: Get environment variable and port for datacollector processId: 24480 port: 51103
TpTrace Verbose: 0 : 14656, 1, 2023/10/14, 20:48:14.095, 2798136797222, vstest.console.dll, DataCollectionRequestSender.SendBeforeTestRunStartAndGetResult: Send BeforeTestRunStart message with settingsXml <RunSettings><RunConfiguration><ResultsDirectory>C:\Users\anandhu.girish\source\repos\SplitTheBill.Test\bin\Debug\net6.0\fine-code-coverage\coverage-tool-output</ResultsDirectory><TargetPlatform>X64</TargetPlatform><TargetFrameworkVersion>.NETCoreApp,Version=v6.0</TargetFrameworkVersion><DesignMode>False</DesignMode><CollectSourceInformation>False</CollectSourceInformation><TestAdaptersPaths>C:\Program Files\dotnet\sdk\7.0.102\Extensions</TestAdaptersPaths></RunConfiguration><LoggerRunSettings><Loggers><Logger friendlyName="blame" enabled="True" /><Logger friendlyName="Console" uri="logger://microsoft/TestPlatform/ConsoleLogger/v1" assemblyQualifiedName="Microsoft.VisualStudio.TestPlatform.CommandLine.Internal.ConsoleLogger, vstest.console, Version=15.0.0.0, Culture=neutral, PublicKeyToken=b03f5f7f11d50a3a" codeBase="C:\Program Files\dotnet\sdk\7.0.102\vstest.console.dll" enabled="True" /></Loggers></LoggerRunSettings><DataCollectionRunSettings><DataCollectors><DataCollector friendlyName="blame" enabled="True"><Configuration><ResultsDirectory>C:\Users\anandhu.girish\source\repos\SplitTheBill.Test\bin\Debug\net6.0\fine-code-coverage\coverage-tool-output</ResultsDirectory></Configuration></DataCollector></DataCollectors></DataCollectionRunSettings></RunSettings> and sources System.Collections.Generic.List`1[System.String]: 
TpTrace Verbose: 0 : 14656, 1, 2023/10/14, 20:48:14.164, 2798137492148, vstest.console.dll, DataCollectionRequestSender.SendBeforeTestRunStartAndGetResult: Received message: (DataCollection.SendMessage) -> {"MessageType":"DataCollection.SendMessage","Payload":{"FriendlyName":null,"Uri":null,"TestCaseId":"00000000-0000-0000-0000-000000000000","Message":"Logging DataCollector Diagnostics in file: C:\\Users\\anandhu.girish\\source\\repos\\SplitTheBill.Test\\bin\\Debug\\net6.0\\fine-code-coverage\\coverage-tool-output\\diagnostics.datacollector.23-10-14_20-48-13_93235_1.log","Level":0}}
TpTrace Verbose: 0 : 14656, 1, 2023/10/14, 20:48:14.233, 2798138183605, vstest.console.dll, DataCollectionRequestSender.SendBeforeTestRunStartAndGetResult: Received message: (DataCollection.BeforeTestRunStartResult) -> {"MessageType":"DataCollection.BeforeTestRunStartResult","Payload":{"EnvironmentVariables":{},"DataCollectionEventsPort":51105}}
TpTrace Information: 0 : 14656, 1, 2023/10/14, 20:48:14.238, 2798138233618, vstest.console.dll, ProxyDataCollectionManager.BeforeTestRunStart: SendBeforeTestRunStartAndGetResult successful, env variable from datacollector:   and testhost port: 51105
TpTrace Information: 0 : 14656, 1, 2023/10/14, 20:48:14.238, 2798138234434, vstest.console.dll, ProxyDataCollectionManager.InvokeDataCollectionServiceAction: Completed.
TpTrace Verbose: 0 : 14656, 1, 2023/10/14, 20:48:14.239, 2798138235416, vstest.console.dll, ProxyParallelExecutionManager: No sources available for execution.
TpTrace Information: 0 : 14656, 1, 2023/10/14, 20:48:14.239, 2798138235761, vstest.console.dll, TestRunRequest.ExecuteAsync: Started.
TpTrace Verbose: 0 : 14656, 1, 2023/10/14, 20:48:14.239, 2798138236416, vstest.console.dll, TestRunRequest.WaitForCompletion: Waiting with timeout -1.
TpTrace Verbose: 0 : 14656, 7, 2023/10/14, 20:48:14.239, 2798138236435, vstest.console.dll, ParallelProxyExecutionManager: Execution started. Started clients: 1
TpTrace Verbose: 0 : 14656, 7, 2023/10/14, 20:48:14.239, 2798138239490, vstest.console.dll, TestRunRequest:SendTestRunMessage: Starting.
TpTrace Verbose: 0 : 14656, 7, 2023/10/14, 20:48:14.239, 2798138240483, vstest.console.dll, MulticastDelegateUtilities.SafeInvoke: TestRun.LogMessages: Invoking callback 1/1 for Microsoft.VisualStudio.TestPlatform.CommandLine.TestRunResultAggregator., took 0 ms.
TpTrace Information: 0 : 14656, 7, 2023/10/14, 20:48:14.239, 2798138240700, vstest.console.dll, TestRunRequest:SendTestRunMessage: Completed.
TpTrace Verbose: 0 : 14656, 7, 2023/10/14, 20:48:14.239, 2798138242574, vstest.console.dll, ProxyExecutionManager: Test host is always Lazy initialize.
TpTrace Verbose: 0 : 14656, 4, 2023/10/14, 20:48:14.239, 2798138242743, vstest.console.dll, MulticastDelegateUtilities.SafeInvoke: InternalTestLoggerEvents.SendTestRunMessage: Invoking callback 1/1 for Microsoft.VisualStudio.TestPlatform.CommandLine.Internal.ConsoleLogger., took 0 ms.
TpTrace Verbose: 0 : 14656, 7, 2023/10/14, 20:48:14.240, 2798138246309, vstest.console.dll, TestRequestSender.InitializeCommunication: initialize communication. 
TpTrace Information: 0 : 14656, 7, 2023/10/14, 20:48:14.240, 2798138253712, vstest.console.dll, SocketServer.Start: Listening on endpoint : 127.0.0.1:51106
TpTrace Verbose: 0 : 14656, 7, 2023/10/14, 20:48:14.242, 2798138266038, vstest.console.dll, DotnetTestHostmanager.GetTestHostProcessStartInfo: Platform environment 'X64' target architecture 'X64' framework '.NETCoreApp,Version=v6.0' OS 'Windows'
TpTrace Verbose: 0 : 14656, 7, 2023/10/14, 20:48:14.242, 2798138270839, vstest.console.dll, DotnetTestHostmanager: Adding  --runtimeconfig "C:\Users\anandhu.girish\source\repos\SplitTheBill.Test\bin\Debug\net6.0\fine-code-coverage\build-output\SplitTheBill.Test.runtimeconfig.json" in args
TpTrace Verbose: 0 : 14656, 7, 2023/10/14, 20:48:14.242, 2798138273159, vstest.console.dll, DotnetTestHostmanager: Adding  --depsfile "C:\Users\anandhu.girish\source\repos\SplitTheBill.Test\bin\Debug\net6.0\fine-code-coverage\build-output\SplitTheBill.Test.deps.json" in args
TpTrace Verbose: 0 : 14656, 7, 2023/10/14, 20:48:14.243, 2798138276541, vstest.console.dll, DotnetTestHostmanager.IsWinOnArm: Current PROCESSOR_ARCHITECTURE from environment variable 'AMD64'
TpTrace Verbose: 0 : 14656, 7, 2023/10/14, 20:48:14.243, 2798138277136, vstest.console.dll, DotnetTestHostmanager.IsWinOnArm: Is Windows on ARM 'False'
TpTrace Verbose: 0 : 14656, 7, 2023/10/14, 20:48:14.243, 2798138278721, vstest.console.dll, DotnetTestHostManager: testhost.exe found at path: C:\Users\anandhu.girish\source\repos\SplitTheBill.Test\bin\Debug\net6.0\fine-code-coverage\build-output\testhost.exe
TpTrace Verbose: 0 : 14656, 7, 2023/10/14, 20:48:14.243, 2798138279065, vstest.console.dll, DotnetTestHostmanager: Full path of host exe is C:\Users\anandhu.girish\source\repos\SplitTheBill.Test\bin\Debug\net6.0\fine-code-coverage\build-output\testhost.exe
TpTrace Verbose: 0 : 14656, 7, 2023/10/14, 20:48:14.243, 2798138280809, vstest.console.dll, DotnetTestHostmanager.LaunchTestHostAsync: Found 'VSTEST_WINAPPHOST_DOTNET_ROOT' in env variables, value 'C:\Program Files\dotnet', forwarding to 'DOTNET_ROOT'
TpTrace Verbose: 0 : 14656, 7, 2023/10/14, 20:48:14.243, 2798138284430, vstest.console.dll, DotnetTestHostManager: Starting process 'C:\Users\anandhu.girish\source\repos\SplitTheBill.Test\bin\Debug\net6.0\fine-code-coverage\build-output\testhost.exe' with command line ' --runtimeconfig "C:\Users\anandhu.girish\source\repos\SplitTheBill.Test\bin\Debug\net6.0\fine-code-coverage\build-output\SplitTheBill.Test.runtimeconfig.json" --depsfile "C:\Users\anandhu.girish\source\repos\SplitTheBill.Test\bin\Debug\net6.0\fine-code-coverage\build-output\SplitTheBill.Test.deps.json" --port 51106 --endpoint 127.0.0.1:051106 --role client --parentprocessid 14656 --diag "C:\Users\anandhu.girish\source\repos\SplitTheBill.Test\bin\Debug\net6.0\fine-code-coverage\coverage-tool-output\diagnostics.host.23-10-14_20-48-14_24151_7.log" --tracelevel 4 --datacollectionport 51105 --telemetryoptedin false'
TpTrace Verbose: 0 : 14656, 7, 2023/10/14, 20:48:14.255, 2798138394580, vstest.console.dll, MulticastDelegateUtilities.SafeInvoke: HostProviderEvents.OnHostLaunched: Invoking callback 1/2 for Microsoft.VisualStudio.TestPlatform.CrossPlatEngine.Client.ProxyExecutionManagerWithDataCollection., took 1 ms.
TpTrace Verbose: 0 : 14656, 7, 2023/10/14, 20:48:14.255, 2798138397341, vstest.console.dll, Test Runtime launched
TpTrace Verbose: 0 : 14656, 7, 2023/10/14, 20:48:14.255, 2798138397878, vstest.console.dll, MulticastDelegateUtilities.SafeInvoke: HostProviderEvents.OnHostLaunched: Invoking callback 2/2 for Microsoft.VisualStudio.TestPlatform.CrossPlatEngine.Client.ProxyOperationManager., took 0 ms.
TpTrace Verbose: 0 : 14656, 7, 2023/10/14, 20:48:14.255, 2798138399406, vstest.console.dll, TestRequestSender.WaitForRequestHandlerConnection: waiting for connection with timeout: 90000.
TpTrace Verbose: 0 : 14656, 10, 2023/10/14, 20:48:14.422, 2798140065219, vstest.console.dll, MulticastDelegateUtilities.SafeInvoke: SocketServer: ClientConnected: Invoking callback 1/1 for Microsoft.VisualStudio.TestPlatform.CommunicationUtilities.TestRequestSender., took 0 ms.
TpTrace Verbose: 0 : 14656, 10, 2023/10/14, 20:48:14.422, 2798140066656, vstest.console.dll, SocketServer.OnClientConnected: Client connected for endPoint: 127.0.0.1:51106, starting MessageLoopAsync:
TpTrace Verbose: 0 : 14656, 7, 2023/10/14, 20:48:14.422, 2798140065845, vstest.console.dll, TestRequestSender.WaitForRequestHandlerConnection: waiting took 166 ms, with timeout 90000 ms, and result 0, which is success.
TpTrace Verbose: 0 : 14656, 10, 2023/10/14, 20:48:14.422, 2798140068267, vstest.console.dll, TcpClientExtensions.MessageLoopAsync: Polling on remoteEndPoint: 127.0.0.1:51107 localEndPoint: 127.0.0.1:51106
TpTrace Verbose: 0 : 14656, 7, 2023/10/14, 20:48:14.423, 2798140074857, vstest.console.dll, TestRequestSender.CheckVersionWithTestHost: Sending check version message: {"MessageType":"ProtocolVersion","Payload":7}
TpTrace Verbose: 0 : 14656, 10, 2023/10/14, 20:48:14.550, 2798141345116, vstest.console.dll, TcpClientExtensions.MessageLoopAsync: NotifyDataAvailable remoteEndPoint: 127.0.0.1:51107 localEndPoint: 127.0.0.1:51106
TpTrace Verbose: 0 : 14656, 10, 2023/10/14, 20:48:14.550, 2798141347758, vstest.console.dll, TestRequestSender.CheckVersionWithTestHost: onMessageReceived received message: (ProtocolVersion) -> {"MessageType":"ProtocolVersion","Payload":7}
TpTrace Verbose: 0 : 14656, 10, 2023/10/14, 20:48:14.551, 2798141354726, vstest.console.dll, MulticastDelegateUtilities.SafeInvoke: LengthPrefixCommunicationChannel: MessageReceived: Invoking callback 1/1 for Microsoft.VisualStudio.TestPlatform.CommunicationUtilities.TestRequestSender+<>c__DisplayClass26_0., took 0 ms.
TpTrace Verbose: 0 : 14656, 10, 2023/10/14, 20:48:14.551, 2798141355668, vstest.console.dll, TcpClientExtensions.MessageLoopAsync: Polling on remoteEndPoint: 127.0.0.1:51107 localEndPoint: 127.0.0.1:51106
TpTrace Verbose: 0 : 14656, 7, 2023/10/14, 20:48:14.551, 2798141357000, vstest.console.dll, TestPluginCache.GetExtensionPaths: Filtered extension paths: 
TpTrace Verbose: 0 : 14656, 7, 2023/10/14, 20:48:14.551, 2798141357483, vstest.console.dll, TestPluginCache.GetExtensionPaths: Added default extension paths: C:\Program Files\dotnet\sdk\7.0.102\Extensions\Microsoft.Diagnostics.NETCore.Client.dll
C:\Program Files\dotnet\sdk\7.0.102\Extensions\Microsoft.TestPlatform.Extensions.BlameDataCollector.dll
C:\Program Files\dotnet\sdk\7.0.102\Extensions\Microsoft.TestPlatform.Extensions.EventLogCollector.dll
C:\Program Files\dotnet\sdk\7.0.102\Extensions\Microsoft.TestPlatform.TestHostRuntimeProvider.dll
C:\Program Files\dotnet\sdk\7.0.102\Extensions\Microsoft.VisualStudio.TestPlatform.Extensions.Html.TestLogger.dll
C:\Program Files\dotnet\sdk\7.0.102\Extensions\Microsoft.VisualStudio.TestPlatform.Extensions.Trx.TestLogger.dll
TpTrace Verbose: 0 : 14656, 7, 2023/10/14, 20:48:14.551, 2798141357700, vstest.console.dll, TestPluginCache.GetExtensionPaths: Added unfilterableExtensionPaths: 
TpTrace Verbose: 0 : 14656, 7, 2023/10/14, 20:48:14.554, 2798141389055, vstest.console.dll, TestRequestSender.InitializeExecution: Sending initialize execution with message: {"Version":7,"MessageType":"TestExecution.Initialize","Payload":["C:\\Users\\anandhu.girish\\source\\repos\\SplitTheBill.Test\\bin\\Debug\\net6.0\\fine-code-coverage\\build-output\\xunit.runner.visualstudio.dotnetcore.testadapter.dll"]}
TpTrace Verbose: 0 : 14656, 10, 2023/10/14, 20:48:14.554, 2798141392166, vstest.console.dll, TcpClientExtensions.MessageLoopAsync: NotifyDataAvailable remoteEndPoint: 127.0.0.1:51107 localEndPoint: 127.0.0.1:51106
TpTrace Verbose: 0 : 14656, 10, 2023/10/14, 20:48:14.554, 2798141393462, vstest.console.dll, LengthPrefixCommunicationChannel.NotifyDataAvailable: New data are waiting to be received, but there is no subscriber to be notified. Not reading them from the stream.
TpTrace Warning: 0 : 14656, 7, 2023/10/14, 20:48:14.554, 2798141393627, vstest.console.dll, InferRunSettingsHelper.MakeRunsettingsCompatible: Removing the following settings: TargetPlatform from RunSettings file. To use those settings please move to latest version of Microsoft.NET.Test.Sdk
TpTrace Verbose: 0 : 14656, 10, 2023/10/14, 20:48:14.554, 2798141394190, vstest.console.dll, TcpClientExtensions.MessageLoopAsync: Polling on remoteEndPoint: 127.0.0.1:51107 localEndPoint: 127.0.0.1:51106
TpTrace Verbose: 0 : 14656, 10, 2023/10/14, 20:48:14.555, 2798141394651, vstest.console.dll, TcpClientExtensions.MessageLoopAsync: NotifyDataAvailable remoteEndPoint: 127.0.0.1:51107 localEndPoint: 127.0.0.1:51106
TpTrace Verbose: 0 : 14656, 10, 2023/10/14, 20:48:14.555, 2798141394901, vstest.console.dll, LengthPrefixCommunicationChannel.NotifyDataAvailable: New data are waiting to be received, but there is no subscriber to be notified. Not reading them from the stream.
TpTrace Verbose: 0 : 14656, 10, 2023/10/14, 20:48:14.555, 2798141395148, vstest.console.dll, TcpClientExtensions.MessageLoopAsync: Polling on remoteEndPoint: 127.0.0.1:51107 localEndPoint: 127.0.0.1:51106
TpTrace Verbose: 0 : 14656, 10, 2023/10/14, 20:48:14.555, 2798141396514, vstest.console.dll, TcpClientExtensions.MessageLoopAsync: NotifyDataAvailable remoteEndPoint: 127.0.0.1:51107 localEndPoint: 127.0.0.1:51106
TpTrace Verbose: 0 : 14656, 10, 2023/10/14, 20:48:14.555, 2798141396824, vstest.console.dll, LengthPrefixCommunicationChannel.NotifyDataAvailable: New data are waiting to be received, but there is no subscriber to be notified. Not reading them from the stream.
TpTrace Verbose: 0 : 14656, 10, 2023/10/14, 20:48:14.555, 2798141397026, vstest.console.dll, TcpClientExtensions.MessageLoopAsync: Polling on remoteEndPoint: 127.0.0.1:51107 localEndPoint: 127.0.0.1:51106
TpTrace Verbose: 0 : 14656, 10, 2023/10/14, 20:48:14.555, 2798141397278, vstest.console.dll, TcpClientExtensions.MessageLoopAsync: NotifyDataAvailable remoteEndPoint: 127.0.0.1:51107 localEndPoint: 127.0.0.1:51106
TpTrace Verbose: 0 : 14656, 10, 2023/10/14, 20:48:14.555, 2798141400423, vstest.console.dll, TestRequestSender.OnExecutionMessageReceived: Received message: {"Version":7,"MessageType":"TestSession.Message","Payload":{"MessageLevel":0,"Message":"Logging TestHost Diagnostics in file: C:\\Users\\anandhu.girish\\source\\repos\\SplitTheBill.Test\\bin\\Debug\\net6.0\\fine-code-coverage\\coverage-tool-output\\diagnostics.host.23-10-14_20-48-14_24151_7.log"}}
TpTrace Verbose: 0 : 14656, 10, 2023/10/14, 20:48:14.562, 2798141466912, vstest.console.dll, TestRunRequest:SendTestRunMessage: Starting.
TpTrace Verbose: 0 : 14656, 10, 2023/10/14, 20:48:14.562, 2798141469024, vstest.console.dll, MulticastDelegateUtilities.SafeInvoke: TestRun.LogMessages: Invoking callback 1/1 for Microsoft.VisualStudio.TestPlatform.CommandLine.TestRunResultAggregator., took 0 ms.
TpTrace Information: 0 : 14656, 10, 2023/10/14, 20:48:14.562, 2798141469371, vstest.console.dll, TestRunRequest:SendTestRunMessage: Completed.
TpTrace Verbose: 0 : 14656, 10, 2023/10/14, 20:48:14.562, 2798141469646, vstest.console.dll, MulticastDelegateUtilities.SafeInvoke: LengthPrefixCommunicationChannel: MessageReceived: Invoking callback 1/1 for Microsoft.VisualStudio.TestPlatform.CommunicationUtilities.TestRequestSender+<>c__DisplayClass31_0., took 7 ms.
TpTrace Verbose: 0 : 14656, 10, 2023/10/14, 20:48:14.562, 2798141469941, vstest.console.dll, TcpClientExtensions.MessageLoopAsync: Polling on remoteEndPoint: 127.0.0.1:51107 localEndPoint: 127.0.0.1:51106
TpTrace Verbose: 0 : 14656, 4, 2023/10/14, 20:48:14.562, 2798141469587, vstest.console.dll, MulticastDelegateUtilities.SafeInvoke: InternalTestLoggerEvents.SendTestRunMessage: Invoking callback 1/1 for Microsoft.VisualStudio.TestPlatform.CommandLine.Internal.ConsoleLogger., took 0 ms.
TpTrace Verbose: 0 : 14656, 7, 2023/10/14, 20:48:14.564, 2798141492939, vstest.console.dll, TestRequestSender.StartTestRun: Sending test run with message: {"Version":7,"MessageType":"TestExecution.StartWithSources","Payload":{"AdapterSourceMap":{"_none_":["C:\\Users\\anandhu.girish\\source\\repos\\SplitTheBill.Test\\bin\\Debug\\net6.0\\fine-code-coverage\\build-output\\SplitTheBill.Test.dll"]},"RunSettings":"<RunSettings>\r\n  <RunConfiguration>\r\n    <ResultsDirectory>C:\\Users\\anandhu.girish\\source\\repos\\SplitTheBill.Test\\bin\\Debug\\net6.0\\fine-code-coverage\\coverage-tool-output</ResultsDirectory>\r\n    <TargetFrameworkVersion>.NETCoreApp,Version=v6.0</TargetFrameworkVersion>\r\n    <DesignMode>False</DesignMode>\r\n    <CollectSourceInformation>False</CollectSourceInformation>\r\n  </RunConfiguration>\r\n  <LoggerRunSettings>\r\n    <Loggers>\r\n      <Logger friendlyName=\"blame\" enabled=\"True\" />\r\n      <Logger friendlyName=\"Console\" uri=\"logger://microsoft/TestPlatform/ConsoleLogger/v1\" assemblyQualifiedName=\"Microsoft.VisualStudio.TestPlatform.CommandLine.Internal.ConsoleLogger, vstest.console, Version=15.0.0.0, Culture=neutral, PublicKeyToken=b03f5f7f11d50a3a\" codeBase=\"C:\\Program Files\\dotnet\\sdk\\7.0.102\\vstest.console.dll\" enabled=\"True\" />\r\n    </Loggers>\r\n  </LoggerRunSettings>\r\n  <DataCollectionRunSettings>\r\n    <DataCollectors>\r\n      <DataCollector friendlyName=\"blame\" enabled=\"True\">\r\n        <Configuration>\r\n          <ResultsDirectory>C:\\Users\\anandhu.girish\\source\\repos\\SplitTheBill.Test\\bin\\Debug\\net6.0\\fine-code-coverage\\coverage-tool-output</ResultsDirectory>\r\n        </Configuration>\r\n      </DataCollector>\r\n    </DataCollectors>\r\n  </DataCollectionRunSettings>\r\n</RunSettings>","TestExecutionContext":{"FrequencyOfRunStatsChangeEvent":10,"RunStatsChangeEventTimeout":"00:00:01.5000000","InIsolation":false,"KeepAlive":false,"AreTestCaseLevelEventsRequired":false,"IsDebug":false,"TestCaseFilter":null,"FilterOptions":null},"Package":null}}
TpTrace Verbose: 0 : 14656, 10, 2023/10/14, 20:48:14.712, 2798142974355, vstest.console.dll, TcpClientExtensions.MessageLoopAsync: NotifyDataAvailable remoteEndPoint: 127.0.0.1:51107 localEndPoint: 127.0.0.1:51106
TpTrace Verbose: 0 : 14656, 10, 2023/10/14, 20:48:14.713, 2798142976996, vstest.console.dll, TestRequestSender.OnExecutionMessageReceived: Received message: {"Version":7,"MessageType":"TestSession.Message","Payload":{"MessageLevel":0,"Message":"[xUnit.net 00:00:00.00] xUnit.net VSTest Adapter v2.4.5+1caef2f33e (64-bit .NET 6.0.13)"}}
TpTrace Verbose: 0 : 14656, 10, 2023/10/14, 20:48:14.713, 2798142980071, vstest.console.dll, TestRunRequest:SendTestRunMessage: Starting.
TpTrace Verbose: 0 : 14656, 10, 2023/10/14, 20:48:14.713, 2798142980909, vstest.console.dll, MulticastDelegateUtilities.SafeInvoke: TestRun.LogMessages: Invoking callback 1/1 for Microsoft.VisualStudio.TestPlatform.CommandLine.TestRunResultAggregator., took 0 ms.
TpTrace Information: 0 : 14656, 10, 2023/10/14, 20:48:14.713, 2798142981178, vstest.console.dll, TestRunRequest:SendTestRunMessage: Completed.
TpTrace Verbose: 0 : 14656, 10, 2023/10/14, 20:48:14.713, 2798142981497, vstest.console.dll, MulticastDelegateUtilities.SafeInvoke: LengthPrefixCommunicationChannel: MessageReceived: Invoking callback 1/1 for Microsoft.VisualStudio.TestPlatform.CommunicationUtilities.TestRequestSender+<>c__DisplayClass31_0., took 0 ms.
TpTrace Verbose: 0 : 14656, 10, 2023/10/14, 20:48:14.713, 2798142981977, vstest.console.dll, TcpClientExtensions.MessageLoopAsync: Polling on remoteEndPoint: 127.0.0.1:51107 localEndPoint: 127.0.0.1:51106
TpTrace Verbose: 0 : 14656, 4, 2023/10/14, 20:48:14.713, 2798142982336, vstest.console.dll, MulticastDelegateUtilities.SafeInvoke: InternalTestLoggerEvents.SendTestRunMessage: Invoking callback 1/1 for Microsoft.VisualStudio.TestPlatform.CommandLine.Internal.ConsoleLogger., took 0 ms.
TpTrace Verbose: 0 : 14656, 10, 2023/10/14, 20:48:15.087, 2798146723773, vstest.console.dll, TcpClientExtensions.MessageLoopAsync: NotifyDataAvailable remoteEndPoint: 127.0.0.1:51107 localEndPoint: 127.0.0.1:51106
TpTrace Verbose: 0 : 14656, 10, 2023/10/14, 20:48:15.088, 2798146726165, vstest.console.dll, TestRequestSender.OnExecutionMessageReceived: Received message: {"Version":7,"MessageType":"TestSession.Message","Payload":{"MessageLevel":0,"Message":"[xUnit.net 00:00:00.37]   Discovering: SplitTheBill.Test"}}
TpTrace Verbose: 0 : 14656, 10, 2023/10/14, 20:48:15.088, 2798146727637, vstest.console.dll, TestRunRequest:SendTestRunMessage: Starting.
TpTrace Verbose: 0 : 14656, 10, 2023/10/14, 20:48:15.088, 2798146728265, vstest.console.dll, MulticastDelegateUtilities.SafeInvoke: TestRun.LogMessages: Invoking callback 1/1 for Microsoft.VisualStudio.TestPlatform.CommandLine.TestRunResultAggregator., took 0 ms.
TpTrace Information: 0 : 14656, 10, 2023/10/14, 20:48:15.088, 2798146728525, vstest.console.dll, TestRunRequest:SendTestRunMessage: Completed.
TpTrace Verbose: 0 : 14656, 10, 2023/10/14, 20:48:15.088, 2798146728765, vstest.console.dll, MulticastDelegateUtilities.SafeInvoke: LengthPrefixCommunicationChannel: MessageReceived: Invoking callback 1/1 for Microsoft.VisualStudio.TestPlatform.CommunicationUtilities.TestRequestSender+<>c__DisplayClass31_0., took 0 ms.
TpTrace Verbose: 0 : 14656, 10, 2023/10/14, 20:48:15.088, 2798146729036, vstest.console.dll, TcpClientExtensions.MessageLoopAsync: Polling on remoteEndPoint: 127.0.0.1:51107 localEndPoint: 127.0.0.1:51106
TpTrace Verbose: 0 : 14656, 4, 2023/10/14, 20:48:15.088, 2798146729502, vstest.console.dll, MulticastDelegateUtilities.SafeInvoke: InternalTestLoggerEvents.SendTestRunMessage: Invoking callback 1/1 for Microsoft.VisualStudio.TestPlatform.CommandLine.Internal.ConsoleLogger., took 0 ms.
TpTrace Verbose: 0 : 14656, 10, 2023/10/14, 20:48:15.118, 2798147024487, vstest.console.dll, TcpClientExtensions.MessageLoopAsync: NotifyDataAvailable remoteEndPoint: 127.0.0.1:51107 localEndPoint: 127.0.0.1:51106
TpTrace Verbose: 0 : 14656, 10, 2023/10/14, 20:48:15.118, 2798147026666, vstest.console.dll, TestRequestSender.OnExecutionMessageReceived: Received message: {"Version":7,"MessageType":"TestSession.Message","Payload":{"MessageLevel":0,"Message":"[xUnit.net 00:00:00.40]   Discovered:  SplitTheBill.Test"}}
TpTrace Verbose: 0 : 14656, 10, 2023/10/14, 20:48:15.118, 2798147027892, vstest.console.dll, TestRunRequest:SendTestRunMessage: Starting.
TpTrace Verbose: 0 : 14656, 10, 2023/10/14, 20:48:15.118, 2798147028351, vstest.console.dll, MulticastDelegateUtilities.SafeInvoke: TestRun.LogMessages: Invoking callback 1/1 for Microsoft.VisualStudio.TestPlatform.CommandLine.TestRunResultAggregator., took 0 ms.
TpTrace Information: 0 : 14656, 10, 2023/10/14, 20:48:15.118, 2798147028536, vstest.console.dll, TestRunRequest:SendTestRunMessage: Completed.
TpTrace Verbose: 0 : 14656, 10, 2023/10/14, 20:48:15.118, 2798147028695, vstest.console.dll, MulticastDelegateUtilities.SafeInvoke: LengthPrefixCommunicationChannel: MessageReceived: Invoking callback 1/1 for Microsoft.VisualStudio.TestPlatform.CommunicationUtilities.TestRequestSender+<>c__DisplayClass31_0., took 0 ms.
TpTrace Verbose: 0 : 14656, 10, 2023/10/14, 20:48:15.118, 2798147028886, vstest.console.dll, TcpClientExtensions.MessageLoopAsync: Polling on remoteEndPoint: 127.0.0.1:51107 localEndPoint: 127.0.0.1:51106
TpTrace Verbose: 0 : 14656, 4, 2023/10/14, 20:48:15.118, 2798147029873, vstest.console.dll, MulticastDelegateUtilities.SafeInvoke: InternalTestLoggerEvents.SendTestRunMessage: Invoking callback 1/1 for Microsoft.VisualStudio.TestPlatform.CommandLine.Internal.ConsoleLogger., took 0 ms.
TpTrace Verbose: 0 : 14656, 10, 2023/10/14, 20:48:15.119, 2798147040658, vstest.console.dll, TcpClientExtensions.MessageLoopAsync: NotifyDataAvailable remoteEndPoint: 127.0.0.1:51107 localEndPoint: 127.0.0.1:51106
TpTrace Verbose: 0 : 14656, 10, 2023/10/14, 20:48:15.119, 2798147041403, vstest.console.dll, TestRequestSender.OnExecutionMessageReceived: Received message: {"Version":7,"MessageType":"TestSession.Message","Payload":{"MessageLevel":0,"Message":"[xUnit.net 00:00:00.41]   Starting:    SplitTheBill.Test"}}
TpTrace Verbose: 0 : 14656, 10, 2023/10/14, 20:48:15.119, 2798147042064, vstest.console.dll, TestRunRequest:SendTestRunMessage: Starting.
TpTrace Verbose: 0 : 14656, 10, 2023/10/14, 20:48:15.119, 2798147042432, vstest.console.dll, MulticastDelegateUtilities.SafeInvoke: TestRun.LogMessages: Invoking callback 1/1 for Microsoft.VisualStudio.TestPlatform.CommandLine.TestRunResultAggregator., took 0 ms.
TpTrace Information: 0 : 14656, 10, 2023/10/14, 20:48:15.119, 2798147042649, vstest.console.dll, TestRunRequest:SendTestRunMessage: Completed.
TpTrace Verbose: 0 : 14656, 10, 2023/10/14, 20:48:15.119, 2798147042904, vstest.console.dll, MulticastDelegateUtilities.SafeInvoke: LengthPrefixCommunicationChannel: MessageReceived: Invoking callback 1/1 for Microsoft.VisualStudio.TestPlatform.CommunicationUtilities.TestRequestSender+<>c__DisplayClass31_0., took 0 ms.
TpTrace Verbose: 0 : 14656, 10, 2023/10/14, 20:48:15.119, 2798147043301, vstest.console.dll, TcpClientExtensions.MessageLoopAsync: Polling on remoteEndPoint: 127.0.0.1:51107 localEndPoint: 127.0.0.1:51106
TpTrace Verbose: 0 : 14656, 4, 2023/10/14, 20:48:15.119, 2798147043974, vstest.console.dll, MulticastDelegateUtilities.SafeInvoke: InternalTestLoggerEvents.SendTestRunMessage: Invoking callback 1/1 for Microsoft.VisualStudio.TestPlatform.CommandLine.Internal.ConsoleLogger., took 0 ms.
TpTrace Verbose: 0 : 14656, 10, 2023/10/14, 20:48:15.220, 2798148046204, vstest.console.dll, TcpClientExtensions.MessageLoopAsync: NotifyDataAvailable remoteEndPoint: 127.0.0.1:51107 localEndPoint: 127.0.0.1:51106
TpTrace Verbose: 0 : 14656, 10, 2023/10/14, 20:48:15.220, 2798148047975, vstest.console.dll, TestRequestSender.OnExecutionMessageReceived: Received message: {"Version":7,"MessageType":"TestSession.Message","Payload":{"MessageLevel":0,"Message":"[xUnit.net 00:00:00.51]   Finished:    SplitTheBill.Test"}}
TpTrace Verbose: 0 : 14656, 10, 2023/10/14, 20:48:15.220, 2798148049356, vstest.console.dll, TestRunRequest:SendTestRunMessage: Starting.
TpTrace Verbose: 0 : 14656, 10, 2023/10/14, 20:48:15.220, 2798148050085, vstest.console.dll, MulticastDelegateUtilities.SafeInvoke: TestRun.LogMessages: Invoking callback 1/1 for Microsoft.VisualStudio.TestPlatform.CommandLine.TestRunResultAggregator., took 0 ms.
TpTrace Information: 0 : 14656, 10, 2023/10/14, 20:48:15.220, 2798148050433, vstest.console.dll, TestRunRequest:SendTestRunMessage: Completed.
TpTrace Verbose: 0 : 14656, 10, 2023/10/14, 20:48:15.220, 2798148050750, vstest.console.dll, MulticastDelegateUtilities.SafeInvoke: LengthPrefixCommunicationChannel: MessageReceived: Invoking callback 1/1 for Microsoft.VisualStudio.TestPlatform.CommunicationUtilities.TestRequestSender+<>c__DisplayClass31_0., took 0 ms.
TpTrace Verbose: 0 : 14656, 4, 2023/10/14, 20:48:15.220, 2798148050797, vstest.console.dll, MulticastDelegateUtilities.SafeInvoke: InternalTestLoggerEvents.SendTestRunMessage: Invoking callback 1/1 for Microsoft.VisualStudio.TestPlatform.CommandLine.Internal.ConsoleLogger., took 0 ms.
TpTrace Verbose: 0 : 14656, 10, 2023/10/14, 20:48:15.220, 2798148051794, vstest.console.dll, TcpClientExtensions.MessageLoopAsync: Polling on remoteEndPoint: 127.0.0.1:51107 localEndPoint: 127.0.0.1:51106
TpTrace Verbose: 0 : 14656, 10, 2023/10/14, 20:48:15.252, 2798148366411, vstest.console.dll, TcpClientExtensions.MessageLoopAsync: NotifyDataAvailable remoteEndPoint: 127.0.0.1:51107 localEndPoint: 127.0.0.1:51106
TpTrace Verbose: 0 : 14656, 10, 2023/10/14, 20:48:15.252, 2798148369888, vstest.console.dll, TestRequestSender.OnExecutionMessageReceived: Received message: {"Version":7,"MessageType":"TestExecution.Completed","Payload":{"TestRunCompleteArgs":{"TestRunStatistics":{"ExecutedTests":9,"Stats":{"Passed":9}},"IsCanceled":false,"IsAborted":false,"Error":null,"AttachmentSets":[],"InvokedDataCollectors":[],"ElapsedTimeInRunningTests":"00:00:00.5190212","Metrics":{},"DiscoveredExtensions":{"TestDiscoverers":["Xunit.Runner.VisualStudio.VsTestRunner, xunit.runner.visualstudio.dotnetcore.testadapter, Version=2.4.0.0, Culture=neutral, PublicKeyToken=8d05b1bb7a6fdb6c"],"TestExecutors":["executor://xunit/VsTestRunner2/netcoreapp"],"TestExecutors2":[],"TestSettingsProviders":[]}},"LastRunTests":{"NewTestResults":[{"TestCase":{"Id":"0827313d-848d-13c0-93c5-292722d3e114","FullyQualifiedName":"SplitTheBill.Test.SplitTheBillTest.GetTipAmount_ValidInput_ReturnsCorrectTipAmounts","DisplayName":"SplitTheBill.Test.SplitTheBillTest.GetTipAmount_ValidInput_ReturnsCorrectTipAmounts","ExecutorUri":"executor://xunit/VsTestRunner2/netcoreapp","Source":"C:\\Users\\anandhu.girish\\source\\repos\\SplitTheBill.Test\\bin\\Debug\\net6.0\\fine-code-coverage\\build-output\\SplitTheBill.Test.dll","CodeFilePath":null,"LineNumber":0,"Properties":[]},"Attachments":[],"Outcome":1,"ErrorMessage":null,"ErrorStackTrace":null,"DisplayName":"SplitTheBill.Test.SplitTheBillTest.GetTipAmount_ValidInput_ReturnsCorrectTipAmounts","Messages":[],"ComputerName":"IN-LP-208","Duration":"00:00:00.0055600","StartTime":"2023-10-14T15:18:15.1857743+00:00","EndTime":"2023-10-14T15:18:15.1858088+00:00","Properties":[]},{"TestCase":{"Id":"56bdbf58-af92-cd6b-65ce-665b02cc6f4c","FullyQualifiedName":"SplitTheBill.Test.SplitTheBillTest.CalculateTipPerPerson_NegativeTipPercent_ThrowsArgumentException","DisplayName":"SplitTheBill.Test.SplitTheBillTest.CalculateTipPerPerson_NegativeTipPercent_ThrowsArgumentException","ExecutorUri":"executor://xunit/VsTestRunner2/netcoreapp","Source":"C:\\Users\\anandhu.girish\\source\\repos\\SplitTheBill.Test\\bin\\Debug\\net6.0\\fine-code-coverage\\build-output\\SplitTheBill.Test.dll","CodeFilePath":null,"LineNumber":0,"Properties":[]},"Attachments":[],"Outcome":1,"ErrorMessage":null,"ErrorStackTrace":null,"DisplayName":"SplitTheBill.Test.SplitTheBillTest.CalculateTipPerPerson_NegativeTipPercent_ThrowsArgumentException","Messages":[],"ComputerName":"IN-LP-208","Duration":"00:00:00.0007150","StartTime":"2023-10-14T15:18:15.2053983+00:00","EndTime":"2023-10-14T15:18:15.2053984+00:00","Properties":[]},{"TestCase":{"Id":"3a5a9939-22e5-2d8d-5b49-3d8291ab6b17","FullyQualifiedName":"SplitTheBill.Test.SplitTheBillTest.GetSplitAmount_ValidInput_ReturnsSplitAmount","DisplayName":"SplitTheBill.Test.SplitTheBillTest.GetSplitAmount_ValidInput_ReturnsSplitAmount","ExecutorUri":"executor://xunit/VsTestRunner2/netcoreapp","Source":"C:\\Users\\anandhu.girish\\source\\repos\\SplitTheBill.Test\\bin\\Debug\\net6.0\\fine-code-coverage\\build-output\\SplitTheBill.Test.dll","CodeFilePath":null,"LineNumber":0,"Properties":[]},"Attachments":[],"Outcome":1,"ErrorMessage":null,"ErrorStackTrace":null,"DisplayName":"SplitTheBill.Test.SplitTheBillTest.GetSplitAmount_ValidInput_ReturnsSplitAmount","Messages":[],"ComputerName":"IN-LP-208","Duration":"00:00:00.0001644","StartTime":"2023-10-14T15:18:15.2081938+00:00","EndTime":"2023-10-14T15:18:15.2081939+00:00","Properties":[]},{"TestCase":{"Id":"704e5829-f910-03be-78b8-521fe505f0f0","FullyQualifiedName":"SplitTheBill.Test.SplitTheBillTest.CalculateTipPerPerson_ZeroPatrons_ThrowsArgumentException","DisplayName":"SplitTheBill.Test.SplitTheBillTest.CalculateTipPerPerson_ZeroPatrons_ThrowsArgumentException","ExecutorUri":"executor://xunit/VsTestRunner2/netcoreapp","Source":"C:\\Users\\anandhu.girish\\source\\repos\\SplitTheBill.Test\\bin\\Debug\\net6.0\\fine-code-coverage\\build-output\\SplitTheBill.Test.dll","CodeFilePath":null,"LineNumber":0,"Properties":[]},"Attachments":[],"Outcome":1,"ErrorMessage":null,"ErrorStackTrace":null,"DisplayName":"SplitTheBill.Test.SplitTheBillTest.CalculateTipPerPerson_ZeroPatrons_ThrowsArgumentException","Messages":[],"ComputerName":"IN-LP-208","Duration":"00:00:00.0002446","StartTime":"2023-10-14T15:18:15.2108178+00:00","EndTime":"2023-10-14T15:18:15.2108179+00:00","Properties":[]},{"TestCase":{"Id":"7073cfe1-d8fc-8d7f-6721-3a0b85679fea","FullyQualifiedName":"SplitTheBill.Test.SplitTheBillTest.CalculateTipPerPerson_ValidInput_ReturnsCorrectTipPerPerson","DisplayName":"SplitTheBill.Test.SplitTheBillTest.CalculateTipPerPerson_ValidInput_ReturnsCorrectTipPerPerson","ExecutorUri":"executor://xunit/VsTestRunner2/netcoreapp","Source":"C:\\Users\\anandhu.girish\\source\\repos\\SplitTheBill.Test\\bin\\Debug\\net6.0\\fine-code-coverage\\build-output\\SplitTheBill.Test.dll","CodeFilePath":null,"LineNumber":0,"Properties":[]},"Attachments":[],"Outcome":1,"ErrorMessage":null,"ErrorStackTrace":null,"DisplayName":"SplitTheBill.Test.SplitTheBillTest.CalculateTipPerPerson_ValidInput_ReturnsCorrectTipPerPerson","Messages":[],"ComputerName":"IN-LP-208","Duration":"00:00:00.0028325","StartTime":"2023-10-14T15:18:15.212425+00:00","EndTime":"2023-10-14T15:18:15.212425+00:00","Properties":[]},{"TestCase":{"Id":"2e3c83fa-6f59-de20-a62c-dbc0170b9577","FullyQualifiedName":"SplitTheBill.Test.SplitTheBillTest.GetSplitAmount_InvalidCount_ThrowsArgumentException","DisplayName":"SplitTheBill.Test.SplitTheBillTest.GetSplitAmount_InvalidCount_ThrowsArgumentException","ExecutorUri":"executor://xunit/VsTestRunner2/netcoreapp","Source":"C:\\Users\\anandhu.girish\\source\\repos\\SplitTheBill.Test\\bin\\Debug\\net6.0\\fine-code-coverage\\build-output\\SplitTheBill.Test.dll","CodeFilePath":null,"LineNumber":0,"Properties":[]},"Attachments":[],"Outcome":1,"ErrorMessage":null,"ErrorStackTrace":null,"DisplayName":"SplitTheBill.Test.SplitTheBillTest.GetSplitAmount_InvalidCount_ThrowsArgumentException","Messages":[],"ComputerName":"IN-LP-208","Duration":"00:00:00.0003310","StartTime":"2023-10-14T15:18:15.2138807+00:00","EndTime":"2023-10-14T15:18:15.2138807+00:00","Properties":[]},{"TestCase":{"Id":"91968b08-3ee3-5d22-9624-8cda076b632a","FullyQualifiedName":"SplitTheBill.Test.SplitTheBillTest.GetTipAmount_ZeroAmount_ThrowsArgumentException","DisplayName":"SplitTheBill.Test.SplitTheBillTest.GetTipAmount_ZeroAmount_ThrowsArgumentException","ExecutorUri":"executor://xunit/VsTestRunner2/netcoreapp","Source":"C:\\Users\\anandhu.girish\\source\\repos\\SplitTheBill.Test\\bin\\Debug\\net6.0\\fine-code-coverage\\build-output\\SplitTheBill.Test.dll","CodeFilePath":null,"LineNumber":0,"Properties":[]},"Attachments":[],"Outcome":1,"ErrorMessage":null,"ErrorStackTrace":null,"DisplayName":"SplitTheBill.Test.SplitTheBillTest.GetTipAmount_ZeroAmount_ThrowsArgumentException","Messages":[],"ComputerName":"IN-LP-208","Duration":"00:00:00.0002251","StartTime":"2023-10-14T15:18:15.2153526+00:00","EndTime":"2023-10-14T15:18:15.2153527+00:00","Properties":[]},{"TestCase":{"Id":"45790dfc-321c-9e9b-2f57-08589fca3093","FullyQualifiedName":"SplitTheBill.Test.SplitTheBillTest.GetSplitAmount_InvalidAmount_ThrowsArgumentException","DisplayName":"SplitTheBill.Test.SplitTheBillTest.GetSplitAmount_InvalidAmount_ThrowsArgumentException","ExecutorUri":"executor://xunit/VsTestRunner2/netcoreapp","Source":"C:\\Users\\anandhu.girish\\source\\repos\\SplitTheBill.Test\\bin\\Debug\\net6.0\\fine-code-coverage\\build-output\\SplitTheBill.Test.dll","CodeFilePath":null,"LineNumber":0,"Properties":[]},"Attachments":[],"Outcome":1,"ErrorMessage":null,"ErrorStackTrace":null,"DisplayName":"SplitTheBill.Test.SplitTheBillTest.GetSplitAmount_InvalidAmount_ThrowsArgumentException","Messages":[],"ComputerName":"IN-LP-208","Duration":"00:00:00.0001941","StartTime":"2023-10-14T15:18:15.2168514+00:00","EndTime":"2023-10-14T15:18:15.2168515+00:00","Properties":[]},{"TestCase":{"Id":"73014760-7347-f1b0-f7ff-916fd20062a8","FullyQualifiedName":"SplitTheBill.Test.SplitTheBillTest.GetTipAmount_NegativeTipPercent_ThrowsArgumentException","DisplayName":"SplitTheBill.Test.SplitTheBillTest.GetTipAmount_NegativeTipPercent_ThrowsArgumentException","ExecutorUri":"executor://xunit/VsTestRunner2/netcoreapp","Source":"C:\\Users\\anandhu.girish\\source\\repos\\SplitTheBill.Test\\bin\\Debug\\net6.0\\fine-code-coverage\\build-output\\SplitTheBill.Test.dll","CodeFilePath":null,"LineNumber":0,"Properties":[]},"Attachments":[],"Outcome":1,"ErrorMessage":null,"ErrorStackTrace":null,"DisplayName":"SplitTheBill.Test.SplitTheBillTest.GetTipAmount_NegativeTipPercent_ThrowsArgumentException","Messages":[],"ComputerName":"IN-LP-208","Duration":"00:00:00.0002035","StartTime":"2023-10-14T15:18:15.2183326+00:00","EndTime":"2023-10-14T15:18:15.2183326+00:00","Properties":[]}],"TestRunStatistics":{"ExecutedTests":9,"Stats":{"Passed":9}},"ActiveTests":[]},"RunAttachments":[],"ExecutorUris":["executor://xunit/VsTestRunner2/netcoreapp"]}}
TpTrace Verbose: 0 : 14656, 10, 2023/10/14, 20:48:15.252, 2798148372055, vstest.console.dll, TestRequestSender.EndSession: Sending end session.
TpTrace Verbose: 0 : 14656, 10, 2023/10/14, 20:48:15.253, 2798148374574, vstest.console.dll, ProxyOperationManager.Close: waiting for test host to exit for 100 ms
TpTrace Warning: 0 : 14656, 11, 2023/10/14, 20:48:15.314, 2798148989095, vstest.console.dll, TestHostManagerCallbacks.ErrorReceivedCallback Test host standard error line: 
TpTrace Warning: 0 : 14656, 10, 2023/10/14, 20:48:15.363, 2798149481018, vstest.console.dll, ProxyOperationManager: Timed out waiting for test host to exit. Will terminate process.
TpTrace Information: 0 : 14656, 10, 2023/10/14, 20:48:15.363, 2798149484280, vstest.console.dll, SocketServer.Stop: Stop server endPoint: 127.0.0.1:51106
TpTrace Information: 0 : 14656, 10, 2023/10/14, 20:48:15.364, 2798149484979, vstest.console.dll, SocketServer.Stop: Cancellation requested. Stopping message loop.
TpTrace Information: 0 : 14656, 10, 2023/10/14, 20:48:15.364, 2798149486614, vstest.console.dll, Closing the connection
TpTrace Verbose: 0 : 14656, 10, 2023/10/14, 20:48:15.378, 2798149628815, vstest.console.dll, TestHostProvider.ExitCallBack: Host exited starting callback.
TpTrace Information: 0 : 14656, 10, 2023/10/14, 20:48:15.378, 2798149630930, vstest.console.dll, TestHostManagerCallbacks.ExitCallBack: Testhost processId: 17892 exited with exitcode: 0 error: ''
TpTrace Verbose: 0 : 14656, 10, 2023/10/14, 20:48:15.378, 2798149631662, vstest.console.dll, DotnetTestHostManager.OnHostExited: invoking OnHostExited callback
TpTrace Verbose: 0 : 14656, 10, 2023/10/14, 20:48:15.378, 2798149632078, vstest.console.dll, CrossPlatEngine.TestHostManagerHostExited: calling on client process exit callback.
TpTrace Information: 0 : 14656, 10, 2023/10/14, 20:48:15.378, 2798149632422, vstest.console.dll, TestRequestSender.OnClientProcessExit: Test host process exited. Standard error: 
TpTrace Information: 0 : 14656, 10, 2023/10/14, 20:48:15.378, 2798149633132, vstest.console.dll, SocketServer.Stop: Stop server endPoint: 127.0.0.1:51106
TpTrace Information: 0 : 14656, 10, 2023/10/14, 20:48:15.378, 2798149633381, vstest.console.dll, SocketServer.Stop: Cancellation requested. Stopping message loop.
TpTrace Verbose: 0 : 14656, 10, 2023/10/14, 20:48:15.378, 2798149633672, vstest.console.dll, MulticastDelegateUtilities.SafeInvoke: HostProviderEvents.OnHostExited: Invoking callback 1/1 for Microsoft.VisualStudio.TestPlatform.CrossPlatEngine.Client.ProxyOperationManager., took 0 ms.
TpTrace Verbose: 0 : 14656, 10, 2023/10/14, 20:48:15.379, 2798149637197, vstest.console.dll, ProxyDataCollectionManager.InvokeDataCollectionServiceAction: Starting.
TpTrace Information: 0 : 14656, 10, 2023/10/14, 20:48:15.379, 2798149638064, vstest.console.dll, ProxyDataCollectionManager.AfterTestRunEnd: Get attachment set and invoked data collectors processId: 24480 port: 51103
TpTrace Verbose: 0 : 14656, 10, 2023/10/14, 20:48:15.379, 2798149638625, vstest.console.dll, DataCollectionRequestSender.SendAfterTestRunStartAndGetResult: Send AfterTestRunEnd message with isCancelled: False
TpTrace Verbose: 0 : 14656, 10, 2023/10/14, 20:48:15.389, 2798149740675, vstest.console.dll, DataCollectionRequestSender.SendAfterTestRunStartAndGetResult: Received message: (DataCollection.AfterTestRunEndResult) -> {"MessageType":"DataCollection.AfterTestRunEndResult","Payload":{"AttachmentSets":[],"InvokedDataCollectors":[{"Uri":"datacollector://Microsoft/TestPlatform/Extensions/Blame/v1","FriendlyName":"Blame","AssemblyQualifiedName":"Microsoft.TestPlatform.Extensions.BlameDataCollector.BlameCollector, Microsoft.TestPlatform.Extensions.BlameDataCollector, Version=15.0.0.0, Culture=neutral, PublicKeyToken=b03f5f7f11d50a3a","FilePath":"C:\\Program Files\\dotnet\\sdk\\7.0.102\\Extensions\\Microsoft.TestPlatform.Extensions.BlameDataCollector.dll","HasAttachmentProcessor":false}],"Metrics":{}}}
TpTrace Information: 0 : 14656, 10, 2023/10/14, 20:48:15.398, 2798149825659, vstest.console.dll, ProxyDataCollectionManager.InvokeDataCollectionServiceAction: Completed.
TpTrace Warning: 0 : 14656, 9, 2023/10/14, 20:48:15.421, 2798150057931, vstest.console.dll, DataCollectionLauncher.ErrorReceivedCallback datacollector standard error line: 
TpTrace Information: 0 : 14656, 9, 2023/10/14, 20:48:15.435, 2798150196789, vstest.console.dll, DataCollectionLauncher.ExitCallBack: Data collector exited with exitcode: 0 error: ''
TpTrace Verbose: 0 : 14656, 10, 2023/10/14, 20:48:15.456, 2798150405456, vstest.console.dll, TestRunRequest:SendTestRunStatsChange: Starting.
TpTrace Verbose: 0 : 14656, 10, 2023/10/14, 20:48:15.456, 2798150408338, vstest.console.dll, MulticastDelegateUtilities.SafeInvoke: TestRun.RunStatsChanged: Invoking callbacks was skipped because there are no subscribers.
TpTrace Information: 0 : 14656, 10, 2023/10/14, 20:48:15.456, 2798150408713, vstest.console.dll, TestRunRequest:SendTestRunStatsChange: Completed.
TpTrace Verbose: 0 : 14656, 10, 2023/10/14, 20:48:15.456, 2798150412009, vstest.console.dll, ParallelProxyExecutionManager: HandlePartialRunComplete: Total completed clients = 1, Run complete = True, Run canceled: False.
TpTrace Verbose: 0 : 14656, 4, 2023/10/14, 20:48:15.458, 2798150424892, vstest.console.dll, MulticastDelegateUtilities.SafeInvoke: InternalTestLoggerEvents.SendTestResult: Invoking callback 1/1 for Microsoft.VisualStudio.TestPlatform.CommandLine.Internal.ConsoleLogger., took 1 ms.
TpTrace Verbose: 0 : 14656, 4, 2023/10/14, 20:48:15.458, 2798150428587, vstest.console.dll, MulticastDelegateUtilities.SafeInvoke: InternalTestLoggerEvents.SendTestResult: Invoking callback 1/1 for Microsoft.VisualStudio.TestPlatform.CommandLine.Internal.ConsoleLogger., took 0 ms.
TpTrace Verbose: 0 : 14656, 4, 2023/10/14, 20:48:15.458, 2798150429488, vstest.console.dll, MulticastDelegateUtilities.SafeInvoke: InternalTestLoggerEvents.SendTestResult: Invoking callback 1/1 for Microsoft.VisualStudio.TestPlatform.CommandLine.Internal.ConsoleLogger., took 0 ms.
TpTrace Verbose: 0 : 14656, 4, 2023/10/14, 20:48:15.458, 2798150429775, vstest.console.dll, MulticastDelegateUtilities.SafeInvoke: InternalTestLoggerEvents.SendTestResult: Invoking callback 1/1 for Microsoft.VisualStudio.TestPlatform.CommandLine.Internal.ConsoleLogger., took 0 ms.
TpTrace Verbose: 0 : 14656, 4, 2023/10/14, 20:48:15.458, 2798150430071, vstest.console.dll, MulticastDelegateUtilities.SafeInvoke: InternalTestLoggerEvents.SendTestResult: Invoking callback 1/1 for Microsoft.VisualStudio.TestPlatform.CommandLine.Internal.ConsoleLogger., took 0 ms.
TpTrace Verbose: 0 : 14656, 4, 2023/10/14, 20:48:15.458, 2798150430328, vstest.console.dll, MulticastDelegateUtilities.SafeInvoke: InternalTestLoggerEvents.SendTestResult: Invoking callback 1/1 for Microsoft.VisualStudio.TestPlatform.CommandLine.Internal.ConsoleLogger., took 0 ms.
TpTrace Verbose: 0 : 14656, 4, 2023/10/14, 20:48:15.458, 2798150430576, vstest.console.dll, MulticastDelegateUtilities.SafeInvoke: InternalTestLoggerEvents.SendTestResult: Invoking callback 1/1 for Microsoft.VisualStudio.TestPlatform.CommandLine.Internal.ConsoleLogger., took 0 ms.
TpTrace Verbose: 0 : 14656, 4, 2023/10/14, 20:48:15.458, 2798150430909, vstest.console.dll, MulticastDelegateUtilities.SafeInvoke: InternalTestLoggerEvents.SendTestResult: Invoking callback 1/1 for Microsoft.VisualStudio.TestPlatform.CommandLine.Internal.ConsoleLogger., took 0 ms.
TpTrace Verbose: 0 : 14656, 4, 2023/10/14, 20:48:15.458, 2798150431203, vstest.console.dll, MulticastDelegateUtilities.SafeInvoke: InternalTestLoggerEvents.SendTestResult: Invoking callback 1/1 for Microsoft.VisualStudio.TestPlatform.CommandLine.Internal.ConsoleLogger., took 0 ms.
TpTrace Verbose: 0 : 14656, 4, 2023/10/14, 20:48:15.464, 2798150492674, vstest.console.dll, MulticastDelegateUtilities.SafeInvoke: InternalTestLoggerEvents.SendTestRunComplete: Invoking callback 1/2 for Microsoft.TestPlatform.Extensions.BlameDataCollector.BlameLogger., took 0 ms.
TpTrace Verbose: 0 : 14656, 4, 2023/10/14, 20:48:15.469, 2798150536303, vstest.console.dll, MulticastDelegateUtilities.SafeInvoke: InternalTestLoggerEvents.SendTestRunComplete: Invoking callback 2/2 for Microsoft.VisualStudio.TestPlatform.CommandLine.Internal.ConsoleLogger., took 4 ms.
TpTrace Verbose: 0 : 14656, 10, 2023/10/14, 20:48:15.469, 2798150542328, vstest.console.dll, TestRunRequest:TestRunComplete: Starting. IsAborted:False IsCanceled:False.
TpTrace Verbose: 0 : 14656, 10, 2023/10/14, 20:48:15.470, 2798150552773, vstest.console.dll, TestLoggerManager.HandleTestRunComplete: Ignoring as the object is disposed.
TpTrace Verbose: 0 : 14656, 10, 2023/10/14, 20:48:15.471, 2798150555354, vstest.console.dll, MulticastDelegateUtilities.SafeInvoke: TestRun.TestRunComplete: Invoking callback 1/2 for Microsoft.VisualStudio.TestPlatform.CommandLine.TestRunResultAggregator., took 0 ms.
TpTrace Verbose: 0 : 14656, 10, 2023/10/14, 20:48:15.471, 2798150556502, vstest.console.dll, MulticastDelegateUtilities.SafeInvoke: TestRun.TestRunComplete: Invoking callback 2/2 for Microsoft.VisualStudio.TestPlatform.CommandLine.Processors.RunTestsArgumentExecutor+TestRunRequestEventsRegistrar., took 0 ms.
TpTrace Information: 0 : 14656, 10, 2023/10/14, 20:48:15.471, 2798150557425, vstest.console.dll, TestRunRequest:TestRunComplete: Completed.
TpTrace Verbose: 0 : 14656, 10, 2023/10/14, 20:48:15.471, 2798150557696, vstest.console.dll, TestRequestSender.SetOperationComplete: Setting operation complete.
TpTrace Information: 0 : 14656, 10, 2023/10/14, 20:48:15.471, 2798150557861, vstest.console.dll, SocketServer.Stop: Stop server endPoint: 127.0.0.1:51106
TpTrace Information: 0 : 14656, 10, 2023/10/14, 20:48:15.471, 2798150557990, vstest.console.dll, SocketServer.Stop: Cancellation requested. Stopping message loop.
TpTrace Verbose: 0 : 14656, 10, 2023/10/14, 20:48:15.471, 2798150558172, vstest.console.dll, MulticastDelegateUtilities.SafeInvoke: LengthPrefixCommunicationChannel: MessageReceived: Invoking callback 1/1 for Microsoft.VisualStudio.TestPlatform.CommunicationUtilities.TestRequestSender+<>c__DisplayClass31_0., took 218 ms.
TpTrace Information: 0 : 14656, 10, 2023/10/14, 20:48:15.471, 2798150558402, vstest.console.dll, SocketServer.PrivateStop: Stopping server endPoint: 127.0.0.1:51106 error: 
TpTrace Verbose: 0 : 14656, 1, 2023/10/14, 20:48:15.471, 2798150558947, vstest.console.dll, TestRunRequest.Dispose: Starting.
TpTrace Information: 0 : 14656, 1, 2023/10/14, 20:48:15.471, 2798150559561, vstest.console.dll, TestRunRequest.Dispose: Completed.
TpTrace Information: 0 : 14656, 1, 2023/10/14, 20:48:15.471, 2798150559821, vstest.console.dll, TestRequestManager.RunTests: run tests completed.
TpTrace Information: 0 : 14656, 1, 2023/10/14, 20:48:15.471, 2798150560627, vstest.console.dll, RunTestsArgumentProcessor:Execute: Test run is completed.
TpTrace Verbose: 0 : 14656, 10, 2023/10/14, 20:48:15.471, 2798150562219, vstest.console.dll, LengthPrefixCommunicationChannel.Dispose: Dispose reader and writer.
TpTrace Verbose: 0 : 14656, 1, 2023/10/14, 20:48:15.471, 2798150562385, vstest.console.dll, Executor.Execute: Exiting with exit code of 0
TpTrace Information: 0 : 14656, 10, 2023/10/14, 20:48:15.471, 2798150563043, vstest.console.dll, SocketServer.Stop: Raise disconnected event endPoint: 127.0.0.1:51106 error: 
TpTrace Verbose: 0 : 14656, 10, 2023/10/14, 20:48:15.471, 2798150563937, vstest.console.dll, TestRequestSender: OnTestRunAbort: Operation is already complete. Skip error message.
TpTrace Verbose: 0 : 14656, 10, 2023/10/14, 20:48:15.471, 2798150564225, vstest.console.dll, MulticastDelegateUtilities.SafeInvoke: SocketServer: ClientDisconnected: Invoking callback 1/1 for Microsoft.VisualStudio.TestPlatform.CommunicationUtilities.TestRequestSender., took 0 ms.
TpTrace Verbose: 0 : 14656, 10, 2023/10/14, 20:48:15.471, 2798150564426, vstest.console.dll, TcpClientExtensions.MessageLoopAsync: exiting MessageLoopAsync remoteEndPoint: 127.0.0.1:51107 localEndPoint: 127.0.0.1:51106
